[0.839s] Invoking command in '/home/addinedu/ros2_ws/src/lidar_tracking': PYTHONPATH=/home/addinedu/ros2_ws/build/lidar_tracking/prefix_override:/usr/lib/python3/dist-packages/colcon_core/task/python/colcon_distutils_commands:/home/addinedu/ros2_ws/install/lidar_tracking/lib/python3.10/site-packages:${PYTHONPATH} /usr/bin/python3 -W ignore:setup.py install is deprecated -W ignore:easy_install command is deprecated setup.py egg_info --egg-base ../../build/lidar_tracking build --build-base /home/addinedu/ros2_ws/build/lidar_tracking/build install --record /home/addinedu/ros2_ws/build/lidar_tracking/install.log --single-version-externally-managed install_data
[1.026s] running egg_info
[1.026s] writing ../../build/lidar_tracking/lidar_tracking.egg-info/PKG-INFO
[1.026s] writing dependency_links to ../../build/lidar_tracking/lidar_tracking.egg-info/dependency_links.txt
[1.027s] writing entry points to ../../build/lidar_tracking/lidar_tracking.egg-info/entry_points.txt
[1.027s] writing requirements to ../../build/lidar_tracking/lidar_tracking.egg-info/requires.txt
[1.027s] writing top-level names to ../../build/lidar_tracking/lidar_tracking.egg-info/top_level.txt
[1.028s] reading manifest file '../../build/lidar_tracking/lidar_tracking.egg-info/SOURCES.txt'
[1.029s] writing manifest file '../../build/lidar_tracking/lidar_tracking.egg-info/SOURCES.txt'
[1.029s] running build
[1.029s] running build_py
[1.029s] copying lidar_tracking/following_test.py -> /home/addinedu/ros2_ws/build/lidar_tracking/build/lib/lidar_tracking
[1.029s] running install
[1.029s] running install_lib
[1.030s] copying /home/addinedu/ros2_ws/build/lidar_tracking/build/lib/lidar_tracking/following_test.py -> /home/addinedu/ros2_ws/install/lidar_tracking/lib/python3.10/site-packages/lidar_tracking
[1.031s] byte-compiling /home/addinedu/ros2_ws/install/lidar_tracking/lib/python3.10/site-packages/lidar_tracking/following_test.py to following_test.cpython-310.pyc
[1.032s] running install_data
[1.032s] running install_egg_info
[1.033s] removing '/home/addinedu/ros2_ws/install/lidar_tracking/lib/python3.10/site-packages/lidar_tracking-0.0.0-py3.10.egg-info' (and everything under it)
[1.034s] Copying ../../build/lidar_tracking/lidar_tracking.egg-info to /home/addinedu/ros2_ws/install/lidar_tracking/lib/python3.10/site-packages/lidar_tracking-0.0.0-py3.10.egg-info
[1.034s] running install_scripts
[1.049s] Installing following_test script to /home/addinedu/ros2_ws/install/lidar_tracking/lib/lidar_tracking
[1.049s] Installing lidar_clustering script to /home/addinedu/ros2_ws/install/lidar_tracking/lib/lidar_tracking
[1.049s] Installing lidar_distance script to /home/addinedu/ros2_ws/install/lidar_tracking/lib/lidar_tracking
[1.049s] Installing lidar_following script to /home/addinedu/ros2_ws/install/lidar_tracking/lib/lidar_tracking
[1.049s] Installing lidar_tracking script to /home/addinedu/ros2_ws/install/lidar_tracking/lib/lidar_tracking
[1.049s] Installing lidar_visualization script to /home/addinedu/ros2_ws/install/lidar_tracking/lib/lidar_tracking
[1.049s] Installing utils script to /home/addinedu/ros2_ws/install/lidar_tracking/lib/lidar_tracking
[1.050s] writing list of installed files to '/home/addinedu/ros2_ws/build/lidar_tracking/install.log'
[1.070s] Invoked command in '/home/addinedu/ros2_ws/src/lidar_tracking' returned '0': PYTHONPATH=/home/addinedu/ros2_ws/build/lidar_tracking/prefix_override:/usr/lib/python3/dist-packages/colcon_core/task/python/colcon_distutils_commands:/home/addinedu/ros2_ws/install/lidar_tracking/lib/python3.10/site-packages:${PYTHONPATH} /usr/bin/python3 -W ignore:setup.py install is deprecated -W ignore:easy_install command is deprecated setup.py egg_info --egg-base ../../build/lidar_tracking build --build-base /home/addinedu/ros2_ws/build/lidar_tracking/build install --record /home/addinedu/ros2_ws/build/lidar_tracking/install.log --single-version-externally-managed install_data
