[0.115s] DEBUG:colcon:Command line arguments: ['/usr/bin/colcon', 'build']
[0.115s] DEBUG:colcon:Parsed command line arguments: Namespace(log_base=None, log_level=None, verb_name='build', build_base='build', install_base='install', merge_install=False, symlink_install=False, test_result_base=None, continue_on_error=False, executor='parallel', parallel_workers=16, event_handlers=None, ignore_user_meta=False, metas=['./colcon.meta'], base_paths=['.'], packages_ignore=None, packages_ignore_regex=None, paths=None, packages_up_to=None, packages_up_to_regex=None, packages_above=None, packages_above_and_dependencies=None, packages_above_depth=None, packages_select_by_dep=None, packages_skip_by_dep=None, packages_skip_up_to=None, packages_select_build_failed=False, packages_skip_build_finished=False, packages_select_test_failures=False, packages_skip_test_passed=False, packages_select=None, packages_skip=None, packages_select_regex=None, packages_skip_regex=None, packages_start=None, packages_end=None, allow_overriding=[], cmake_args=None, cmake_target=None, cmake_target_skip_unavailable=False, cmake_clean_cache=False, cmake_clean_first=False, cmake_force_configure=False, ament_cmake_args=None, catkin_cmake_args=None, catkin_skip_building_tests=False, mixin_files=None, mixin=None, verb_parser=<colcon_mixin.mixin.mixin_argument.MixinArgumentDecorator object at 0x7fdb3db63670>, verb_extension=<colcon_core.verb.build.BuildVerb object at 0x7fdb3dca4c40>, main=<bound method BuildVerb.main of <colcon_core.verb.build.BuildVerb object at 0x7fdb3dca4c40>>, mixin_verb=('build',))
[0.313s] Level 1:colcon.colcon_core.package_discovery:discover_packages(colcon_meta) check parameters
[0.313s] Level 1:colcon.colcon_core.package_discovery:discover_packages(recursive) check parameters
[0.314s] Level 1:colcon.colcon_core.package_discovery:discover_packages(ignore) check parameters
[0.314s] Level 1:colcon.colcon_core.package_discovery:discover_packages(path) check parameters
[0.314s] Level 1:colcon.colcon_core.package_discovery:discover_packages(colcon_meta) discover
[0.314s] Level 1:colcon.colcon_core.package_discovery:discover_packages(recursive) discover
[0.314s] INFO:colcon.colcon_core.package_discovery:Crawling recursively for packages in '/home/addinedu/ros2_ws'
[0.314s] Level 1:colcon.colcon_core.package_identification:_identify(.) by extensions ['ignore', 'ignore_ament_install']
[0.314s] Level 1:colcon.colcon_core.package_identification:_identify(.) by extension 'ignore'
[0.314s] Level 1:colcon.colcon_core.package_identification:_identify(.) by extension 'ignore_ament_install'
[0.314s] Level 1:colcon.colcon_core.package_identification:_identify(.) by extensions ['colcon_pkg']
[0.314s] Level 1:colcon.colcon_core.package_identification:_identify(.) by extension 'colcon_pkg'
[0.314s] Level 1:colcon.colcon_core.package_identification:_identify(.) by extensions ['colcon_meta']
[0.314s] Level 1:colcon.colcon_core.package_identification:_identify(.) by extension 'colcon_meta'
[0.314s] Level 1:colcon.colcon_core.package_identification:_identify(.) by extensions ['ros']
[0.314s] Level 1:colcon.colcon_core.package_identification:_identify(.) by extension 'ros'
[0.338s] Level 1:colcon.colcon_core.package_identification:_identify(.) by extensions ['cmake', 'python']
[0.338s] Level 1:colcon.colcon_core.package_identification:_identify(.) by extension 'cmake'
[0.338s] Level 1:colcon.colcon_core.package_identification:_identify(.) by extension 'python'
[0.338s] Level 1:colcon.colcon_core.package_identification:_identify(.) by extensions ['python_setup_py']
[0.338s] Level 1:colcon.colcon_core.package_identification:_identify(.) by extension 'python_setup_py'
[0.338s] Level 1:colcon.colcon_core.package_identification:_identify(build) by extensions ['ignore', 'ignore_ament_install']
[0.339s] Level 1:colcon.colcon_core.package_identification:_identify(build) by extension 'ignore'
[0.339s] Level 1:colcon.colcon_core.package_identification:_identify(build) ignored
[0.339s] Level 1:colcon.colcon_core.package_identification:_identify(install) by extensions ['ignore', 'ignore_ament_install']
[0.339s] Level 1:colcon.colcon_core.package_identification:_identify(install) by extension 'ignore'
[0.339s] Level 1:colcon.colcon_core.package_identification:_identify(install) ignored
[0.339s] Level 1:colcon.colcon_core.package_identification:_identify(log) by extensions ['ignore', 'ignore_ament_install']
[0.339s] Level 1:colcon.colcon_core.package_identification:_identify(log) by extension 'ignore'
[0.339s] Level 1:colcon.colcon_core.package_identification:_identify(log) ignored
[0.339s] Level 1:colcon.colcon_core.package_identification:_identify(src) by extensions ['ignore', 'ignore_ament_install']
[0.339s] Level 1:colcon.colcon_core.package_identification:_identify(src) by extension 'ignore'
[0.339s] Level 1:colcon.colcon_core.package_identification:_identify(src) by extension 'ignore_ament_install'
[0.339s] Level 1:colcon.colcon_core.package_identification:_identify(src) by extensions ['colcon_pkg']
[0.339s] Level 1:colcon.colcon_core.package_identification:_identify(src) by extension 'colcon_pkg'
[0.339s] Level 1:colcon.colcon_core.package_identification:_identify(src) by extensions ['colcon_meta']
[0.339s] Level 1:colcon.colcon_core.package_identification:_identify(src) by extension 'colcon_meta'
[0.339s] Level 1:colcon.colcon_core.package_identification:_identify(src) by extensions ['ros']
[0.339s] Level 1:colcon.colcon_core.package_identification:_identify(src) by extension 'ros'
[0.339s] Level 1:colcon.colcon_core.package_identification:_identify(src) by extensions ['cmake', 'python']
[0.339s] Level 1:colcon.colcon_core.package_identification:_identify(src) by extension 'cmake'
[0.339s] Level 1:colcon.colcon_core.package_identification:_identify(src) by extension 'python'
[0.339s] Level 1:colcon.colcon_core.package_identification:_identify(src) by extensions ['python_setup_py']
[0.339s] Level 1:colcon.colcon_core.package_identification:_identify(src) by extension 'python_setup_py'
[0.339s] Level 1:colcon.colcon_core.package_identification:_identify(src/lidar_tracking) by extensions ['ignore', 'ignore_ament_install']
[0.340s] Level 1:colcon.colcon_core.package_identification:_identify(src/lidar_tracking) by extension 'ignore'
[0.340s] Level 1:colcon.colcon_core.package_identification:_identify(src/lidar_tracking) by extension 'ignore_ament_install'
[0.340s] Level 1:colcon.colcon_core.package_identification:_identify(src/lidar_tracking) by extensions ['colcon_pkg']
[0.340s] Level 1:colcon.colcon_core.package_identification:_identify(src/lidar_tracking) by extension 'colcon_pkg'
[0.340s] Level 1:colcon.colcon_core.package_identification:_identify(src/lidar_tracking) by extensions ['colcon_meta']
[0.340s] Level 1:colcon.colcon_core.package_identification:_identify(src/lidar_tracking) by extension 'colcon_meta'
[0.340s] Level 1:colcon.colcon_core.package_identification:_identify(src/lidar_tracking) by extensions ['ros']
[0.340s] Level 1:colcon.colcon_core.package_identification:_identify(src/lidar_tracking) by extension 'ros'
[0.342s] DEBUG:colcon.colcon_core.package_identification:Package 'src/lidar_tracking' with type 'ros.ament_python' and name 'lidar_tracking'
[0.342s] Level 1:colcon.colcon_core.package_identification:_identify(src/my_first_package) by extensions ['ignore', 'ignore_ament_install']
[0.342s] Level 1:colcon.colcon_core.package_identification:_identify(src/my_first_package) by extension 'ignore'
[0.342s] Level 1:colcon.colcon_core.package_identification:_identify(src/my_first_package) by extension 'ignore_ament_install'
[0.342s] Level 1:colcon.colcon_core.package_identification:_identify(src/my_first_package) by extensions ['colcon_pkg']
[0.342s] Level 1:colcon.colcon_core.package_identification:_identify(src/my_first_package) by extension 'colcon_pkg'
[0.342s] Level 1:colcon.colcon_core.package_identification:_identify(src/my_first_package) by extensions ['colcon_meta']
[0.342s] Level 1:colcon.colcon_core.package_identification:_identify(src/my_first_package) by extension 'colcon_meta'
[0.342s] Level 1:colcon.colcon_core.package_identification:_identify(src/my_first_package) by extensions ['ros']
[0.342s] Level 1:colcon.colcon_core.package_identification:_identify(src/my_first_package) by extension 'ros'
[0.343s] DEBUG:colcon.colcon_core.package_identification:Package 'src/my_first_package' with type 'ros.ament_python' and name 'my_first_package'
[0.343s] Level 1:colcon.colcon_core.package_identification:_identify(src/ydlidar_ros2_driver) by extensions ['ignore', 'ignore_ament_install']
[0.343s] Level 1:colcon.colcon_core.package_identification:_identify(src/ydlidar_ros2_driver) by extension 'ignore'
[0.343s] Level 1:colcon.colcon_core.package_identification:_identify(src/ydlidar_ros2_driver) by extension 'ignore_ament_install'
[0.343s] Level 1:colcon.colcon_core.package_identification:_identify(src/ydlidar_ros2_driver) by extensions ['colcon_pkg']
[0.343s] Level 1:colcon.colcon_core.package_identification:_identify(src/ydlidar_ros2_driver) by extension 'colcon_pkg'
[0.343s] Level 1:colcon.colcon_core.package_identification:_identify(src/ydlidar_ros2_driver) by extensions ['colcon_meta']
[0.343s] Level 1:colcon.colcon_core.package_identification:_identify(src/ydlidar_ros2_driver) by extension 'colcon_meta'
[0.343s] Level 1:colcon.colcon_core.package_identification:_identify(src/ydlidar_ros2_driver) by extensions ['ros']
[0.343s] Level 1:colcon.colcon_core.package_identification:_identify(src/ydlidar_ros2_driver) by extension 'ros'
[0.343s] DEBUG:colcon.colcon_core.package_identification:Package 'src/ydlidar_ros2_driver' with type 'ros.ament_cmake' and name 'ydlidar_ros2_driver'
[0.343s] Level 1:colcon.colcon_core.package_discovery:discover_packages(recursive) using defaults
[0.343s] Level 1:colcon.colcon_core.package_discovery:discover_packages(ignore) discover
[0.343s] Level 1:colcon.colcon_core.package_discovery:discover_packages(ignore) using defaults
[0.343s] Level 1:colcon.colcon_core.package_discovery:discover_packages(path) discover
[0.343s] Level 1:colcon.colcon_core.package_discovery:discover_packages(path) using defaults
[0.357s] Level 1:colcon.colcon_core.package_discovery:discover_packages(prefix_path) check parameters
[0.357s] Level 1:colcon.colcon_core.package_discovery:discover_packages(prefix_path) discover
[0.358s] DEBUG:colcon.colcon_installed_package_information.package_discovery:Found 3 installed packages in /home/addinedu/ros2_ws/install
[0.359s] DEBUG:colcon.colcon_installed_package_information.package_discovery:Found 322 installed packages in /opt/ros/humble
[0.360s] Level 1:colcon.colcon_core.package_discovery:discover_packages(prefix_path) using defaults
[0.387s] Level 5:colcon.colcon_core.verb:set package 'lidar_tracking' build argument 'cmake_args' from command line to 'None'
[0.387s] Level 5:colcon.colcon_core.verb:set package 'lidar_tracking' build argument 'cmake_target' from command line to 'None'
[0.387s] Level 5:colcon.colcon_core.verb:set package 'lidar_tracking' build argument 'cmake_target_skip_unavailable' from command line to 'False'
[0.387s] Level 5:colcon.colcon_core.verb:set package 'lidar_tracking' build argument 'cmake_clean_cache' from command line to 'False'
[0.387s] Level 5:colcon.colcon_core.verb:set package 'lidar_tracking' build argument 'cmake_clean_first' from command line to 'False'
[0.387s] Level 5:colcon.colcon_core.verb:set package 'lidar_tracking' build argument 'cmake_force_configure' from command line to 'False'
[0.387s] Level 5:colcon.colcon_core.verb:set package 'lidar_tracking' build argument 'ament_cmake_args' from command line to 'None'
[0.387s] Level 5:colcon.colcon_core.verb:set package 'lidar_tracking' build argument 'catkin_cmake_args' from command line to 'None'
[0.387s] Level 5:colcon.colcon_core.verb:set package 'lidar_tracking' build argument 'catkin_skip_building_tests' from command line to 'False'
[0.387s] DEBUG:colcon.colcon_core.verb:Building package 'lidar_tracking' with the following arguments: {'ament_cmake_args': None, 'build_base': '/home/addinedu/ros2_ws/build/lidar_tracking', 'catkin_cmake_args': None, 'catkin_skip_building_tests': False, 'cmake_args': None, 'cmake_clean_cache': False, 'cmake_clean_first': False, 'cmake_force_configure': False, 'cmake_target': None, 'cmake_target_skip_unavailable': False, 'install_base': '/home/addinedu/ros2_ws/install/lidar_tracking', 'merge_install': False, 'path': '/home/addinedu/ros2_ws/src/lidar_tracking', 'symlink_install': False, 'test_result_base': None}
[0.387s] Level 5:colcon.colcon_core.verb:set package 'my_first_package' build argument 'cmake_args' from command line to 'None'
[0.387s] Level 5:colcon.colcon_core.verb:set package 'my_first_package' build argument 'cmake_target' from command line to 'None'
[0.387s] Level 5:colcon.colcon_core.verb:set package 'my_first_package' build argument 'cmake_target_skip_unavailable' from command line to 'False'
[0.387s] Level 5:colcon.colcon_core.verb:set package 'my_first_package' build argument 'cmake_clean_cache' from command line to 'False'
[0.387s] Level 5:colcon.colcon_core.verb:set package 'my_first_package' build argument 'cmake_clean_first' from command line to 'False'
[0.387s] Level 5:colcon.colcon_core.verb:set package 'my_first_package' build argument 'cmake_force_configure' from command line to 'False'
[0.387s] Level 5:colcon.colcon_core.verb:set package 'my_first_package' build argument 'ament_cmake_args' from command line to 'None'
[0.387s] Level 5:colcon.colcon_core.verb:set package 'my_first_package' build argument 'catkin_cmake_args' from command line to 'None'
[0.387s] Level 5:colcon.colcon_core.verb:set package 'my_first_package' build argument 'catkin_skip_building_tests' from command line to 'False'
[0.387s] DEBUG:colcon.colcon_core.verb:Building package 'my_first_package' with the following arguments: {'ament_cmake_args': None, 'build_base': '/home/addinedu/ros2_ws/build/my_first_package', 'catkin_cmake_args': None, 'catkin_skip_building_tests': False, 'cmake_args': None, 'cmake_clean_cache': False, 'cmake_clean_first': False, 'cmake_force_configure': False, 'cmake_target': None, 'cmake_target_skip_unavailable': False, 'install_base': '/home/addinedu/ros2_ws/install/my_first_package', 'merge_install': False, 'path': '/home/addinedu/ros2_ws/src/my_first_package', 'symlink_install': False, 'test_result_base': None}
[0.388s] Level 5:colcon.colcon_core.verb:set package 'ydlidar_ros2_driver' build argument 'cmake_args' from command line to 'None'
[0.388s] Level 5:colcon.colcon_core.verb:set package 'ydlidar_ros2_driver' build argument 'cmake_target' from command line to 'None'
[0.388s] Level 5:colcon.colcon_core.verb:set package 'ydlidar_ros2_driver' build argument 'cmake_target_skip_unavailable' from command line to 'False'
[0.388s] Level 5:colcon.colcon_core.verb:set package 'ydlidar_ros2_driver' build argument 'cmake_clean_cache' from command line to 'False'
[0.388s] Level 5:colcon.colcon_core.verb:set package 'ydlidar_ros2_driver' build argument 'cmake_clean_first' from command line to 'False'
[0.388s] Level 5:colcon.colcon_core.verb:set package 'ydlidar_ros2_driver' build argument 'cmake_force_configure' from command line to 'False'
[0.388s] Level 5:colcon.colcon_core.verb:set package 'ydlidar_ros2_driver' build argument 'ament_cmake_args' from command line to 'None'
[0.388s] Level 5:colcon.colcon_core.verb:set package 'ydlidar_ros2_driver' build argument 'catkin_cmake_args' from command line to 'None'
[0.388s] Level 5:colcon.colcon_core.verb:set package 'ydlidar_ros2_driver' build argument 'catkin_skip_building_tests' from command line to 'False'
[0.388s] DEBUG:colcon.colcon_core.verb:Building package 'ydlidar_ros2_driver' with the following arguments: {'ament_cmake_args': None, 'build_base': '/home/addinedu/ros2_ws/build/ydlidar_ros2_driver', 'catkin_cmake_args': None, 'catkin_skip_building_tests': False, 'cmake_args': None, 'cmake_clean_cache': False, 'cmake_clean_first': False, 'cmake_force_configure': False, 'cmake_target': None, 'cmake_target_skip_unavailable': False, 'install_base': '/home/addinedu/ros2_ws/install/ydlidar_ros2_driver', 'merge_install': False, 'path': '/home/addinedu/ros2_ws/src/ydlidar_ros2_driver', 'symlink_install': False, 'test_result_base': None}
[0.388s] INFO:colcon.colcon_core.executor:Executing jobs using 'parallel' executor
[0.389s] DEBUG:colcon.colcon_parallel_executor.executor.parallel:run_until_complete
[0.389s] INFO:colcon.colcon_ros.task.ament_python.build:Building ROS package in '/home/addinedu/ros2_ws/src/lidar_tracking' with build type 'ament_python'
[0.389s] Level 1:colcon.colcon_core.shell:create_environment_hook('lidar_tracking', 'ament_prefix_path')
[0.391s] INFO:colcon.colcon_core.plugin_system:Skipping extension 'colcon_core.shell.bat': Not used on non-Windows systems
[0.391s] INFO:colcon.colcon_core.shell:Creating environment hook '/home/addinedu/ros2_ws/install/lidar_tracking/share/lidar_tracking/hook/ament_prefix_path.ps1'
[0.392s] INFO:colcon.colcon_core.shell:Creating environment descriptor '/home/addinedu/ros2_ws/install/lidar_tracking/share/lidar_tracking/hook/ament_prefix_path.dsv'
[0.392s] INFO:colcon.colcon_core.shell:Creating environment hook '/home/addinedu/ros2_ws/install/lidar_tracking/share/lidar_tracking/hook/ament_prefix_path.sh'
[0.392s] INFO:colcon.colcon_core.shell:Skip shell extension 'powershell' for command environment: Not usable outside of PowerShell
[0.392s] DEBUG:colcon.colcon_core.shell:Skip shell extension 'dsv' for command environment
[0.395s] INFO:colcon.colcon_ros.task.ament_python.build:Building ROS package in '/home/addinedu/ros2_ws/src/my_first_package' with build type 'ament_python'
[0.395s] Level 1:colcon.colcon_core.shell:create_environment_hook('my_first_package', 'ament_prefix_path')
[0.395s] INFO:colcon.colcon_core.shell:Creating environment hook '/home/addinedu/ros2_ws/install/my_first_package/share/my_first_package/hook/ament_prefix_path.ps1'
[0.396s] INFO:colcon.colcon_core.shell:Creating environment descriptor '/home/addinedu/ros2_ws/install/my_first_package/share/my_first_package/hook/ament_prefix_path.dsv'
[0.396s] INFO:colcon.colcon_core.shell:Creating environment hook '/home/addinedu/ros2_ws/install/my_first_package/share/my_first_package/hook/ament_prefix_path.sh'
[0.396s] INFO:colcon.colcon_core.shell:Skip shell extension 'powershell' for command environment: Not usable outside of PowerShell
[0.396s] DEBUG:colcon.colcon_core.shell:Skip shell extension 'dsv' for command environment
[0.399s] INFO:colcon.colcon_ros.task.ament_cmake.build:Building ROS package in '/home/addinedu/ros2_ws/src/ydlidar_ros2_driver' with build type 'ament_cmake'
[0.399s] INFO:colcon.colcon_cmake.task.cmake.build:Building CMake package in '/home/addinedu/ros2_ws/src/ydlidar_ros2_driver'
[0.399s] INFO:colcon.colcon_core.shell:Skip shell extension 'powershell' for command environment: Not usable outside of PowerShell
[0.400s] DEBUG:colcon.colcon_core.shell:Skip shell extension 'dsv' for command environment
[0.603s] INFO:colcon.colcon_core.task.python.build:Building Python package in '/home/addinedu/ros2_ws/src/lidar_tracking'
[0.603s] INFO:colcon.colcon_core.shell:Skip shell extension 'powershell' for command environment: Not usable outside of PowerShell
[0.603s] DEBUG:colcon.colcon_core.shell:Skip shell extension 'dsv' for command environment
[0.809s] INFO:colcon.colcon_core.task.python.build:Building Python package in '/home/addinedu/ros2_ws/src/my_first_package'
[0.809s] INFO:colcon.colcon_core.shell:Skip shell extension 'powershell' for command environment: Not usable outside of PowerShell
[0.809s] DEBUG:colcon.colcon_core.shell:Skip shell extension 'dsv' for command environment
[0.817s] DEBUG:colcon.colcon_core.event_handler.log_command:Invoking command in '/home/addinedu/ros2_ws/build/ydlidar_ros2_driver': CMAKE_PREFIX_PATH=${CMAKE_PREFIX_PATH}:/opt/ros/humble:/home/addinedu/ros2_ws/install/my_first_package:/home/addinedu/ros2_ws/install/lidar_tracking /usr/bin/cmake --build /home/addinedu/ros2_ws/build/ydlidar_ros2_driver -- -j16 -l16
[0.878s] DEBUG:colcon.colcon_core.event_handler.log_command:Invoked command in '/home/addinedu/ros2_ws/build/ydlidar_ros2_driver' returned '0': CMAKE_PREFIX_PATH=${CMAKE_PREFIX_PATH}:/opt/ros/humble:/home/addinedu/ros2_ws/install/my_first_package:/home/addinedu/ros2_ws/install/lidar_tracking /usr/bin/cmake --build /home/addinedu/ros2_ws/build/ydlidar_ros2_driver -- -j16 -l16
[0.887s] DEBUG:colcon.colcon_core.event_handler.log_command:Invoking command in '/home/addinedu/ros2_ws/build/ydlidar_ros2_driver': CMAKE_PREFIX_PATH=${CMAKE_PREFIX_PATH}:/opt/ros/humble:/home/addinedu/ros2_ws/install/my_first_package:/home/addinedu/ros2_ws/install/lidar_tracking /usr/bin/cmake --install /home/addinedu/ros2_ws/build/ydlidar_ros2_driver
[0.897s] Level 1:colcon.colcon_core.environment:create_environment_scripts_only(ydlidar_ros2_driver)
[0.898s] DEBUG:colcon.colcon_core.event_handler.log_command:Invoked command in '/home/addinedu/ros2_ws/build/ydlidar_ros2_driver' returned '0': CMAKE_PREFIX_PATH=${CMAKE_PREFIX_PATH}:/opt/ros/humble:/home/addinedu/ros2_ws/install/my_first_package:/home/addinedu/ros2_ws/install/lidar_tracking /usr/bin/cmake --install /home/addinedu/ros2_ws/build/ydlidar_ros2_driver
[0.899s] Level 1:colcon.colcon_core.environment:checking '/home/addinedu/ros2_ws/install/ydlidar_ros2_driver' for CMake module files
[0.900s] Level 1:colcon.colcon_core.environment:checking '/home/addinedu/ros2_ws/install/ydlidar_ros2_driver' for CMake config files
[0.900s] Level 1:colcon.colcon_core.shell:create_environment_hook('ydlidar_ros2_driver', 'cmake_prefix_path')
[0.900s] INFO:colcon.colcon_core.shell:Creating environment hook '/home/addinedu/ros2_ws/install/ydlidar_ros2_driver/share/ydlidar_ros2_driver/hook/cmake_prefix_path.ps1'
[0.900s] INFO:colcon.colcon_core.shell:Creating environment descriptor '/home/addinedu/ros2_ws/install/ydlidar_ros2_driver/share/ydlidar_ros2_driver/hook/cmake_prefix_path.dsv'
[0.901s] INFO:colcon.colcon_core.shell:Creating environment hook '/home/addinedu/ros2_ws/install/ydlidar_ros2_driver/share/ydlidar_ros2_driver/hook/cmake_prefix_path.sh'
[0.902s] Level 1:colcon.colcon_core.environment:checking '/home/addinedu/ros2_ws/install/ydlidar_ros2_driver/lib'
[0.902s] Level 1:colcon.colcon_core.environment:checking '/home/addinedu/ros2_ws/install/ydlidar_ros2_driver/bin'
[0.902s] Level 1:colcon.colcon_core.environment:checking '/home/addinedu/ros2_ws/install/ydlidar_ros2_driver/lib/pkgconfig/ydlidar_ros2_driver.pc'
[0.902s] Level 1:colcon.colcon_core.environment:checking '/home/addinedu/ros2_ws/install/ydlidar_ros2_driver/lib/python3.10/site-packages'
[0.902s] Level 1:colcon.colcon_core.environment:checking '/home/addinedu/ros2_ws/install/ydlidar_ros2_driver/bin'
[0.903s] INFO:colcon.colcon_core.shell:Creating package script '/home/addinedu/ros2_ws/install/ydlidar_ros2_driver/share/ydlidar_ros2_driver/package.ps1'
[0.903s] INFO:colcon.colcon_core.shell:Creating package descriptor '/home/addinedu/ros2_ws/install/ydlidar_ros2_driver/share/ydlidar_ros2_driver/package.dsv'
[0.903s] INFO:colcon.colcon_core.shell:Creating package script '/home/addinedu/ros2_ws/install/ydlidar_ros2_driver/share/ydlidar_ros2_driver/package.sh'
[0.904s] INFO:colcon.colcon_core.shell:Creating package script '/home/addinedu/ros2_ws/install/ydlidar_ros2_driver/share/ydlidar_ros2_driver/package.bash'
[0.904s] INFO:colcon.colcon_core.shell:Creating package script '/home/addinedu/ros2_ws/install/ydlidar_ros2_driver/share/ydlidar_ros2_driver/package.zsh'
[0.905s] Level 1:colcon.colcon_core.environment:create_file_with_runtime_dependencies(/home/addinedu/ros2_ws/install/ydlidar_ros2_driver/share/colcon-core/packages/ydlidar_ros2_driver)
[0.905s] Level 1:colcon.colcon_core.environment:create_environment_scripts_only(ydlidar_ros2_driver)
[0.905s] Level 1:colcon.colcon_core.environment:checking '/home/addinedu/ros2_ws/install/ydlidar_ros2_driver' for CMake module files
[0.906s] Level 1:colcon.colcon_core.environment:checking '/home/addinedu/ros2_ws/install/ydlidar_ros2_driver' for CMake config files
[0.906s] Level 1:colcon.colcon_core.shell:create_environment_hook('ydlidar_ros2_driver', 'cmake_prefix_path')
[0.906s] INFO:colcon.colcon_core.shell:Creating environment hook '/home/addinedu/ros2_ws/install/ydlidar_ros2_driver/share/ydlidar_ros2_driver/hook/cmake_prefix_path.ps1'
[0.906s] INFO:colcon.colcon_core.shell:Creating environment descriptor '/home/addinedu/ros2_ws/install/ydlidar_ros2_driver/share/ydlidar_ros2_driver/hook/cmake_prefix_path.dsv'
[0.907s] INFO:colcon.colcon_core.shell:Creating environment hook '/home/addinedu/ros2_ws/install/ydlidar_ros2_driver/share/ydlidar_ros2_driver/hook/cmake_prefix_path.sh'
[0.907s] Level 1:colcon.colcon_core.environment:checking '/home/addinedu/ros2_ws/install/ydlidar_ros2_driver/lib'
[0.907s] Level 1:colcon.colcon_core.environment:checking '/home/addinedu/ros2_ws/install/ydlidar_ros2_driver/bin'
[0.907s] Level 1:colcon.colcon_core.environment:checking '/home/addinedu/ros2_ws/install/ydlidar_ros2_driver/lib/pkgconfig/ydlidar_ros2_driver.pc'
[0.907s] Level 1:colcon.colcon_core.environment:checking '/home/addinedu/ros2_ws/install/ydlidar_ros2_driver/lib/python3.10/site-packages'
[0.907s] Level 1:colcon.colcon_core.environment:checking '/home/addinedu/ros2_ws/install/ydlidar_ros2_driver/bin'
[0.907s] INFO:colcon.colcon_core.shell:Creating package script '/home/addinedu/ros2_ws/install/ydlidar_ros2_driver/share/ydlidar_ros2_driver/package.ps1'
[0.908s] INFO:colcon.colcon_core.shell:Creating package descriptor '/home/addinedu/ros2_ws/install/ydlidar_ros2_driver/share/ydlidar_ros2_driver/package.dsv'
[0.908s] INFO:colcon.colcon_core.shell:Creating package script '/home/addinedu/ros2_ws/install/ydlidar_ros2_driver/share/ydlidar_ros2_driver/package.sh'
[0.908s] INFO:colcon.colcon_core.shell:Creating package script '/home/addinedu/ros2_ws/install/ydlidar_ros2_driver/share/ydlidar_ros2_driver/package.bash'
[0.909s] INFO:colcon.colcon_core.shell:Creating package script '/home/addinedu/ros2_ws/install/ydlidar_ros2_driver/share/ydlidar_ros2_driver/package.zsh'
[0.909s] Level 1:colcon.colcon_core.environment:create_file_with_runtime_dependencies(/home/addinedu/ros2_ws/install/ydlidar_ros2_driver/share/colcon-core/packages/ydlidar_ros2_driver)
[1.097s] DEBUG:colcon.colcon_core.event_handler.log_command:Invoking command in '/home/addinedu/ros2_ws/src/my_first_package': PYTHONPATH=/home/addinedu/ros2_ws/build/my_first_package/prefix_override:/usr/lib/python3/dist-packages/colcon_core/task/python/colcon_distutils_commands:/home/addinedu/ros2_ws/install/my_first_package/lib/python3.10/site-packages:${PYTHONPATH} /usr/bin/python3 -W ignore:setup.py install is deprecated -W ignore:easy_install command is deprecated setup.py egg_info --egg-base ../../build/my_first_package build --build-base /home/addinedu/ros2_ws/build/my_first_package/build install --record /home/addinedu/ros2_ws/build/my_first_package/install.log --single-version-externally-managed install_data
[1.100s] DEBUG:colcon.colcon_core.event_handler.log_command:Invoking command in '/home/addinedu/ros2_ws/src/lidar_tracking': PYTHONPATH=/home/addinedu/ros2_ws/build/lidar_tracking/prefix_override:/usr/lib/python3/dist-packages/colcon_core/task/python/colcon_distutils_commands:/home/addinedu/ros2_ws/install/lidar_tracking/lib/python3.10/site-packages:${PYTHONPATH} /usr/bin/python3 -W ignore:setup.py install is deprecated -W ignore:easy_install command is deprecated setup.py egg_info --egg-base ../../build/lidar_tracking build --build-base /home/addinedu/ros2_ws/build/lidar_tracking/build install --record /home/addinedu/ros2_ws/build/lidar_tracking/install.log --single-version-externally-managed install_data
[1.334s] Level 1:colcon.colcon_core.environment:checking '/home/addinedu/ros2_ws/install/my_first_package' for CMake module files
[1.334s] DEBUG:colcon.colcon_core.event_handler.log_command:Invoked command in '/home/addinedu/ros2_ws/src/my_first_package' returned '0': PYTHONPATH=/home/addinedu/ros2_ws/build/my_first_package/prefix_override:/usr/lib/python3/dist-packages/colcon_core/task/python/colcon_distutils_commands:/home/addinedu/ros2_ws/install/my_first_package/lib/python3.10/site-packages:${PYTHONPATH} /usr/bin/python3 -W ignore:setup.py install is deprecated -W ignore:easy_install command is deprecated setup.py egg_info --egg-base ../../build/my_first_package build --build-base /home/addinedu/ros2_ws/build/my_first_package/build install --record /home/addinedu/ros2_ws/build/my_first_package/install.log --single-version-externally-managed install_data
[1.335s] Level 1:colcon.colcon_core.environment:checking '/home/addinedu/ros2_ws/install/my_first_package' for CMake config files
[1.335s] Level 1:colcon.colcon_core.environment:checking '/home/addinedu/ros2_ws/install/my_first_package/lib'
[1.335s] Level 1:colcon.colcon_core.environment:checking '/home/addinedu/ros2_ws/install/my_first_package/bin'
[1.335s] Level 1:colcon.colcon_core.environment:checking '/home/addinedu/ros2_ws/install/my_first_package/lib/pkgconfig/my_first_package.pc'
[1.335s] Level 1:colcon.colcon_core.environment:checking '/home/addinedu/ros2_ws/install/my_first_package/lib/python3.10/site-packages'
[1.335s] Level 1:colcon.colcon_core.shell:create_environment_hook('my_first_package', 'pythonpath')
[1.335s] INFO:colcon.colcon_core.shell:Creating environment hook '/home/addinedu/ros2_ws/install/my_first_package/share/my_first_package/hook/pythonpath.ps1'
[1.336s] INFO:colcon.colcon_core.shell:Creating environment descriptor '/home/addinedu/ros2_ws/install/my_first_package/share/my_first_package/hook/pythonpath.dsv'
[1.336s] INFO:colcon.colcon_core.shell:Creating environment hook '/home/addinedu/ros2_ws/install/my_first_package/share/my_first_package/hook/pythonpath.sh'
[1.336s] Level 1:colcon.colcon_core.environment:checking '/home/addinedu/ros2_ws/install/my_first_package/bin'
[1.336s] Level 1:colcon.colcon_core.environment:create_environment_scripts_only(my_first_package)
[1.337s] INFO:colcon.colcon_core.shell:Creating package script '/home/addinedu/ros2_ws/install/my_first_package/share/my_first_package/package.ps1'
[1.337s] INFO:colcon.colcon_core.shell:Creating package descriptor '/home/addinedu/ros2_ws/install/my_first_package/share/my_first_package/package.dsv'
[1.337s] INFO:colcon.colcon_core.shell:Creating package script '/home/addinedu/ros2_ws/install/my_first_package/share/my_first_package/package.sh'
[1.337s] INFO:colcon.colcon_core.shell:Creating package script '/home/addinedu/ros2_ws/install/my_first_package/share/my_first_package/package.bash'
[1.338s] INFO:colcon.colcon_core.shell:Creating package script '/home/addinedu/ros2_ws/install/my_first_package/share/my_first_package/package.zsh'
[1.338s] Level 1:colcon.colcon_core.environment:create_file_with_runtime_dependencies(/home/addinedu/ros2_ws/install/my_first_package/share/colcon-core/packages/my_first_package)
[1.339s] Level 1:colcon.colcon_core.environment:checking '/home/addinedu/ros2_ws/install/lidar_tracking' for CMake module files
[1.339s] DEBUG:colcon.colcon_core.event_handler.log_command:Invoked command in '/home/addinedu/ros2_ws/src/lidar_tracking' returned '0': PYTHONPATH=/home/addinedu/ros2_ws/build/lidar_tracking/prefix_override:/usr/lib/python3/dist-packages/colcon_core/task/python/colcon_distutils_commands:/home/addinedu/ros2_ws/install/lidar_tracking/lib/python3.10/site-packages:${PYTHONPATH} /usr/bin/python3 -W ignore:setup.py install is deprecated -W ignore:easy_install command is deprecated setup.py egg_info --egg-base ../../build/lidar_tracking build --build-base /home/addinedu/ros2_ws/build/lidar_tracking/build install --record /home/addinedu/ros2_ws/build/lidar_tracking/install.log --single-version-externally-managed install_data
[1.339s] Level 1:colcon.colcon_core.environment:checking '/home/addinedu/ros2_ws/install/lidar_tracking' for CMake config files
[1.340s] Level 1:colcon.colcon_core.environment:checking '/home/addinedu/ros2_ws/install/lidar_tracking/lib'
[1.340s] Level 1:colcon.colcon_core.environment:checking '/home/addinedu/ros2_ws/install/lidar_tracking/bin'
[1.340s] Level 1:colcon.colcon_core.environment:checking '/home/addinedu/ros2_ws/install/lidar_tracking/lib/pkgconfig/lidar_tracking.pc'
[1.340s] Level 1:colcon.colcon_core.environment:checking '/home/addinedu/ros2_ws/install/lidar_tracking/lib/python3.10/site-packages'
[1.340s] Level 1:colcon.colcon_core.shell:create_environment_hook('lidar_tracking', 'pythonpath')
[1.340s] INFO:colcon.colcon_core.shell:Creating environment hook '/home/addinedu/ros2_ws/install/lidar_tracking/share/lidar_tracking/hook/pythonpath.ps1'
[1.340s] INFO:colcon.colcon_core.shell:Creating environment descriptor '/home/addinedu/ros2_ws/install/lidar_tracking/share/lidar_tracking/hook/pythonpath.dsv'
[1.341s] INFO:colcon.colcon_core.shell:Creating environment hook '/home/addinedu/ros2_ws/install/lidar_tracking/share/lidar_tracking/hook/pythonpath.sh'
[1.341s] Level 1:colcon.colcon_core.environment:checking '/home/addinedu/ros2_ws/install/lidar_tracking/bin'
[1.341s] Level 1:colcon.colcon_core.environment:create_environment_scripts_only(lidar_tracking)
[1.341s] INFO:colcon.colcon_core.shell:Creating package script '/home/addinedu/ros2_ws/install/lidar_tracking/share/lidar_tracking/package.ps1'
[1.342s] INFO:colcon.colcon_core.shell:Creating package descriptor '/home/addinedu/ros2_ws/install/lidar_tracking/share/lidar_tracking/package.dsv'
[1.342s] INFO:colcon.colcon_core.shell:Creating package script '/home/addinedu/ros2_ws/install/lidar_tracking/share/lidar_tracking/package.sh'
[1.342s] INFO:colcon.colcon_core.shell:Creating package script '/home/addinedu/ros2_ws/install/lidar_tracking/share/lidar_tracking/package.bash'
[1.342s] INFO:colcon.colcon_core.shell:Creating package script '/home/addinedu/ros2_ws/install/lidar_tracking/share/lidar_tracking/package.zsh'
[1.343s] Level 1:colcon.colcon_core.environment:create_file_with_runtime_dependencies(/home/addinedu/ros2_ws/install/lidar_tracking/share/colcon-core/packages/lidar_tracking)
[1.343s] DEBUG:colcon.colcon_parallel_executor.executor.parallel:closing loop
[1.343s] DEBUG:colcon.colcon_parallel_executor.executor.parallel:loop closed
[1.343s] DEBUG:colcon.colcon_parallel_executor.executor.parallel:run_until_complete finished with '0'
[1.343s] DEBUG:colcon.colcon_core.event_reactor:joining thread
[1.347s] INFO:colcon.colcon_core.plugin_system:Skipping extension 'colcon_notification.desktop_notification.terminal_notifier': Not used on non-Darwin systems
[1.347s] INFO:colcon.colcon_core.plugin_system:Skipping extension 'colcon_notification.desktop_notification.win32': Not used on non-Windows systems
[1.347s] INFO:colcon.colcon_notification.desktop_notification:Sending desktop notification using 'notify2'
[1.356s] DEBUG:colcon.colcon_core.event_reactor:joined thread
[1.357s] INFO:colcon.colcon_core.shell:Creating prefix script '/home/addinedu/ros2_ws/install/local_setup.ps1'
[1.357s] INFO:colcon.colcon_core.shell:Creating prefix util module '/home/addinedu/ros2_ws/install/_local_setup_util_ps1.py'
[1.358s] INFO:colcon.colcon_core.shell:Creating prefix chain script '/home/addinedu/ros2_ws/install/setup.ps1'
[1.359s] INFO:colcon.colcon_core.shell:Creating prefix script '/home/addinedu/ros2_ws/install/local_setup.sh'
[1.359s] INFO:colcon.colcon_core.shell:Creating prefix util module '/home/addinedu/ros2_ws/install/_local_setup_util_sh.py'
[1.360s] INFO:colcon.colcon_core.shell:Creating prefix chain script '/home/addinedu/ros2_ws/install/setup.sh'
[1.360s] INFO:colcon.colcon_core.shell:Creating prefix script '/home/addinedu/ros2_ws/install/local_setup.bash'
[1.361s] INFO:colcon.colcon_core.shell:Creating prefix chain script '/home/addinedu/ros2_ws/install/setup.bash'
[1.361s] INFO:colcon.colcon_core.shell:Creating prefix script '/home/addinedu/ros2_ws/install/local_setup.zsh'
[1.362s] INFO:colcon.colcon_core.shell:Creating prefix chain script '/home/addinedu/ros2_ws/install/setup.zsh'
