[0.748s] Invoking command in '/home/addinedu/ros2_ws/src/lidar_tracking': PYTHONPATH=/home/addinedu/ros2_ws/build/lidar_tracking/prefix_override:/usr/lib/python3/dist-packages/colcon_core/task/python/colcon_distutils_commands:/home/addinedu/ros2_ws/install/lidar_tracking/lib/python3.10/site-packages:${PYTHONPATH} /usr/bin/python3 -W ignore:setup.py install is deprecated -W ignore:easy_install command is deprecated setup.py egg_info --egg-base ../../build/lidar_tracking build --build-base /home/addinedu/ros2_ws/build/lidar_tracking/build install --record /home/addinedu/ros2_ws/build/lidar_tracking/install.log --single-version-externally-managed install_data
[0.937s] running egg_info
[0.938s] writing ../../build/lidar_tracking/lidar_tracking.egg-info/PKG-INFO
[0.938s] writing dependency_links to ../../build/lidar_tracking/lidar_tracking.egg-info/dependency_links.txt
[0.938s] writing entry points to ../../build/lidar_tracking/lidar_tracking.egg-info/entry_points.txt
[0.938s] writing requirements to ../../build/lidar_tracking/lidar_tracking.egg-info/requires.txt
[0.938s] writing top-level names to ../../build/lidar_tracking/lidar_tracking.egg-info/top_level.txt
[0.939s] reading manifest file '../../build/lidar_tracking/lidar_tracking.egg-info/SOURCES.txt'
[0.940s] writing manifest file '../../build/lidar_tracking/lidar_tracking.egg-info/SOURCES.txt'
[0.940s] running build
[0.940s] running build_py
[0.940s] copying lidar_tracking/lidar_following.py -> /home/addinedu/ros2_ws/build/lidar_tracking/build/lib/lidar_tracking
[0.940s] running install
[0.941s] running install_lib
[0.941s] copying /home/addinedu/ros2_ws/build/lidar_tracking/build/lib/lidar_tracking/lidar_following.py -> /home/addinedu/ros2_ws/install/lidar_tracking/lib/python3.10/site-packages/lidar_tracking
[0.942s] byte-compiling /home/addinedu/ros2_ws/install/lidar_tracking/lib/python3.10/site-packages/lidar_tracking/lidar_following.py to lidar_following.cpython-310.pyc
[0.943s] running install_data
[0.943s] running install_egg_info
[0.944s] removing '/home/addinedu/ros2_ws/install/lidar_tracking/lib/python3.10/site-packages/lidar_tracking-0.0.0-py3.10.egg-info' (and everything under it)
[0.944s] Copying ../../build/lidar_tracking/lidar_tracking.egg-info to /home/addinedu/ros2_ws/install/lidar_tracking/lib/python3.10/site-packages/lidar_tracking-0.0.0-py3.10.egg-info
[0.945s] running install_scripts
[0.959s] Installing lidar_clustering script to /home/addinedu/ros2_ws/install/lidar_tracking/lib/lidar_tracking
[0.959s] Installing lidar_distance script to /home/addinedu/ros2_ws/install/lidar_tracking/lib/lidar_tracking
[0.960s] Installing lidar_following script to /home/addinedu/ros2_ws/install/lidar_tracking/lib/lidar_tracking
[0.960s] Installing lidar_tracking script to /home/addinedu/ros2_ws/install/lidar_tracking/lib/lidar_tracking
[0.960s] Installing lidar_visualization script to /home/addinedu/ros2_ws/install/lidar_tracking/lib/lidar_tracking
[0.960s] writing list of installed files to '/home/addinedu/ros2_ws/build/lidar_tracking/install.log'
[0.980s] Invoked command in '/home/addinedu/ros2_ws/src/lidar_tracking' returned '0': PYTHONPATH=/home/addinedu/ros2_ws/build/lidar_tracking/prefix_override:/usr/lib/python3/dist-packages/colcon_core/task/python/colcon_distutils_commands:/home/addinedu/ros2_ws/install/lidar_tracking/lib/python3.10/site-packages:${PYTHONPATH} /usr/bin/python3 -W ignore:setup.py install is deprecated -W ignore:easy_install command is deprecated setup.py egg_info --egg-base ../../build/lidar_tracking build --build-base /home/addinedu/ros2_ws/build/lidar_tracking/build install --record /home/addinedu/ros2_ws/build/lidar_tracking/install.log --single-version-externally-managed install_data
