/home/addinedu/ros2_ws/install/lidar_tracking/lib/python3.10/site-packages/lidar_tracking/cluster_test.py
/home/addinedu/ros2_ws/install/lidar_tracking/lib/python3.10/site-packages/lidar_tracking/lidar_distance.py
/home/addinedu/ros2_ws/install/lidar_tracking/lib/python3.10/site-packages/lidar_tracking/lidar_following.py
/home/addinedu/ros2_ws/install/lidar_tracking/lib/python3.10/site-packages/lidar_tracking/utils.py
/home/addinedu/ros2_ws/install/lidar_tracking/lib/python3.10/site-packages/lidar_tracking/lidar_clustering.py
/home/addinedu/ros2_ws/install/lidar_tracking/lib/python3.10/site-packages/lidar_tracking/__init__.py
/home/addinedu/ros2_ws/install/lidar_tracking/lib/python3.10/site-packages/lidar_tracking/lidar_visualization.py
/home/addinedu/ros2_ws/install/lidar_tracking/lib/python3.10/site-packages/lidar_tracking/following_test.py
/home/addinedu/ros2_ws/install/lidar_tracking/lib/python3.10/site-packages/lidar_tracking/lidar_tracking.py
/home/addinedu/ros2_ws/install/lidar_tracking/lib/python3.10/site-packages/lidar_tracking/__pycache__/cluster_test.cpython-310.pyc
/home/addinedu/ros2_ws/install/lidar_tracking/lib/python3.10/site-packages/lidar_tracking/__pycache__/lidar_distance.cpython-310.pyc
/home/addinedu/ros2_ws/install/lidar_tracking/lib/python3.10/site-packages/lidar_tracking/__pycache__/lidar_following.cpython-310.pyc
/home/addinedu/ros2_ws/install/lidar_tracking/lib/python3.10/site-packages/lidar_tracking/__pycache__/utils.cpython-310.pyc
/home/addinedu/ros2_ws/install/lidar_tracking/lib/python3.10/site-packages/lidar_tracking/__pycache__/lidar_clustering.cpython-310.pyc
/home/addinedu/ros2_ws/install/lidar_tracking/lib/python3.10/site-packages/lidar_tracking/__pycache__/__init__.cpython-310.pyc
/home/addinedu/ros2_ws/install/lidar_tracking/lib/python3.10/site-packages/lidar_tracking/__pycache__/lidar_visualization.cpython-310.pyc
/home/addinedu/ros2_ws/install/lidar_tracking/lib/python3.10/site-packages/lidar_tracking/__pycache__/following_test.cpython-310.pyc
/home/addinedu/ros2_ws/install/lidar_tracking/lib/python3.10/site-packages/lidar_tracking/__pycache__/lidar_tracking.cpython-310.pyc
/home/addinedu/ros2_ws/install/lidar_tracking/share/ament_index/resource_index/packages/lidar_tracking
/home/addinedu/ros2_ws/install/lidar_tracking/share/lidar_tracking/package.xml
/home/addinedu/ros2_ws/install/lidar_tracking/lib/python3.10/site-packages/lidar_tracking-0.0.0-py3.10.egg-info/zip-safe
/home/addinedu/ros2_ws/install/lidar_tracking/lib/python3.10/site-packages/lidar_tracking-0.0.0-py3.10.egg-info/requires.txt
/home/addinedu/ros2_ws/install/lidar_tracking/lib/python3.10/site-packages/lidar_tracking-0.0.0-py3.10.egg-info/SOURCES.txt
/home/addinedu/ros2_ws/install/lidar_tracking/lib/python3.10/site-packages/lidar_tracking-0.0.0-py3.10.egg-info/PKG-INFO
/home/addinedu/ros2_ws/install/lidar_tracking/lib/python3.10/site-packages/lidar_tracking-0.0.0-py3.10.egg-info/dependency_links.txt
/home/addinedu/ros2_ws/install/lidar_tracking/lib/python3.10/site-packages/lidar_tracking-0.0.0-py3.10.egg-info/top_level.txt
/home/addinedu/ros2_ws/install/lidar_tracking/lib/python3.10/site-packages/lidar_tracking-0.0.0-py3.10.egg-info/entry_points.txt
/home/addinedu/ros2_ws/install/lidar_tracking/lib/lidar_tracking/cluster_test
/home/addinedu/ros2_ws/install/lidar_tracking/lib/lidar_tracking/following_test
/home/addinedu/ros2_ws/install/lidar_tracking/lib/lidar_tracking/lidar_clustering
/home/addinedu/ros2_ws/install/lidar_tracking/lib/lidar_tracking/lidar_distance
/home/addinedu/ros2_ws/install/lidar_tracking/lib/lidar_tracking/lidar_following
/home/addinedu/ros2_ws/install/lidar_tracking/lib/lidar_tracking/lidar_tracking
/home/addinedu/ros2_ws/install/lidar_tracking/lib/lidar_tracking/lidar_visualization
/home/addinedu/ros2_ws/install/lidar_tracking/lib/lidar_tracking/utils
