[0.788s] Invoking command in '/home/addinedu/ros2_ws/src/lidar_tracking': PYTHONPATH=/home/addinedu/ros2_ws/build/lidar_tracking/prefix_override:/usr/lib/python3/dist-packages/colcon_core/task/python/colcon_distutils_commands:/home/addinedu/ros2_ws/install/lidar_tracking/lib/python3.10/site-packages:${PYTHONPATH} /usr/bin/python3 -W ignore:setup.py install is deprecated -W ignore:easy_install command is deprecated setup.py egg_info --egg-base ../../build/lidar_tracking build --build-base /home/addinedu/ros2_ws/build/lidar_tracking/build install --record /home/addinedu/ros2_ws/build/lidar_tracking/install.log --single-version-externally-managed install_data
[0.978s] running egg_info
[0.978s] writing ../../build/lidar_tracking/lidar_tracking.egg-info/PKG-INFO
[0.979s] writing dependency_links to ../../build/lidar_tracking/lidar_tracking.egg-info/dependency_links.txt
[0.979s] writing entry points to ../../build/lidar_tracking/lidar_tracking.egg-info/entry_points.txt
[0.979s] writing requirements to ../../build/lidar_tracking/lidar_tracking.egg-info/requires.txt
[0.979s] writing top-level names to ../../build/lidar_tracking/lidar_tracking.egg-info/top_level.txt
[0.980s] reading manifest file '../../build/lidar_tracking/lidar_tracking.egg-info/SOURCES.txt'
[0.981s] writing manifest file '../../build/lidar_tracking/lidar_tracking.egg-info/SOURCES.txt'
[0.981s] running build
[0.981s] running build_py
[0.981s] copying lidar_tracking/safe_tracking.py -> /home/addinedu/ros2_ws/build/lidar_tracking/build/lib/lidar_tracking
[0.982s] running install
[0.982s] running install_lib
[0.982s] copying /home/addinedu/ros2_ws/build/lidar_tracking/build/lib/lidar_tracking/safe_tracking.py -> /home/addinedu/ros2_ws/install/lidar_tracking/lib/python3.10/site-packages/lidar_tracking
[0.983s] byte-compiling /home/addinedu/ros2_ws/install/lidar_tracking/lib/python3.10/site-packages/lidar_tracking/safe_tracking.py to safe_tracking.cpython-310.pyc
[0.985s] running install_data
[0.985s] running install_egg_info
[0.987s] removing '/home/addinedu/ros2_ws/install/lidar_tracking/lib/python3.10/site-packages/lidar_tracking-0.0.0-py3.10.egg-info' (and everything under it)
[0.987s] Copying ../../build/lidar_tracking/lidar_tracking.egg-info to /home/addinedu/ros2_ws/install/lidar_tracking/lib/python3.10/site-packages/lidar_tracking-0.0.0-py3.10.egg-info
[0.988s] running install_scripts
[1.003s] Installing cluster_test script to /home/addinedu/ros2_ws/install/lidar_tracking/lib/lidar_tracking
[1.004s] Installing following_test script to /home/addinedu/ros2_ws/install/lidar_tracking/lib/lidar_tracking
[1.004s] Installing lidar_clustering script to /home/addinedu/ros2_ws/install/lidar_tracking/lib/lidar_tracking
[1.004s] Installing lidar_distance script to /home/addinedu/ros2_ws/install/lidar_tracking/lib/lidar_tracking
[1.004s] Installing lidar_following script to /home/addinedu/ros2_ws/install/lidar_tracking/lib/lidar_tracking
[1.004s] Installing lidar_tracking script to /home/addinedu/ros2_ws/install/lidar_tracking/lib/lidar_tracking
[1.004s] Installing lidar_vector_tracking script to /home/addinedu/ros2_ws/install/lidar_tracking/lib/lidar_tracking
[1.004s] Installing lidar_visualization script to /home/addinedu/ros2_ws/install/lidar_tracking/lib/lidar_tracking
[1.004s] Installing safe_tracking script to /home/addinedu/ros2_ws/install/lidar_tracking/lib/lidar_tracking
[1.004s] Installing utils script to /home/addinedu/ros2_ws/install/lidar_tracking/lib/lidar_tracking
[1.004s] writing list of installed files to '/home/addinedu/ros2_ws/build/lidar_tracking/install.log'
[1.028s] Invoked command in '/home/addinedu/ros2_ws/src/lidar_tracking' returned '0': PYTHONPATH=/home/addinedu/ros2_ws/build/lidar_tracking/prefix_override:/usr/lib/python3/dist-packages/colcon_core/task/python/colcon_distutils_commands:/home/addinedu/ros2_ws/install/lidar_tracking/lib/python3.10/site-packages:${PYTHONPATH} /usr/bin/python3 -W ignore:setup.py install is deprecated -W ignore:easy_install command is deprecated setup.py egg_info --egg-base ../../build/lidar_tracking build --build-base /home/addinedu/ros2_ws/build/lidar_tracking/build install --record /home/addinedu/ros2_ws/build/lidar_tracking/install.log --single-version-externally-managed install_data
