[0.767s] Invoking command in '/home/addinedu/ros2_ws/src/lidar_tracking': PYTHONPATH=/home/addinedu/ros2_ws/build/lidar_tracking/prefix_override:/usr/lib/python3/dist-packages/colcon_core/task/python/colcon_distutils_commands:/home/addinedu/ros2_ws/install/lidar_tracking/lib/python3.10/site-packages:${PYTHONPATH} /usr/bin/python3 -W ignore:setup.py install is deprecated -W ignore:easy_install command is deprecated setup.py egg_info --egg-base ../../build/lidar_tracking build --build-base /home/addinedu/ros2_ws/build/lidar_tracking/build install --record /home/addinedu/ros2_ws/build/lidar_tracking/install.log --single-version-externally-managed install_data
[0.963s] running egg_info
[0.963s] creating ../../build/lidar_tracking/lidar_tracking.egg-info
[0.964s] writing ../../build/lidar_tracking/lidar_tracking.egg-info/PKG-INFO
[0.964s] writing dependency_links to ../../build/lidar_tracking/lidar_tracking.egg-info/dependency_links.txt
[0.964s] writing entry points to ../../build/lidar_tracking/lidar_tracking.egg-info/entry_points.txt
[0.964s] writing requirements to ../../build/lidar_tracking/lidar_tracking.egg-info/requires.txt
[0.964s] writing top-level names to ../../build/lidar_tracking/lidar_tracking.egg-info/top_level.txt
[0.964s] writing manifest file '../../build/lidar_tracking/lidar_tracking.egg-info/SOURCES.txt'
[0.965s] reading manifest file '../../build/lidar_tracking/lidar_tracking.egg-info/SOURCES.txt'
[0.966s] writing manifest file '../../build/lidar_tracking/lidar_tracking.egg-info/SOURCES.txt'
[0.966s] running build
[0.966s] running build_py
[0.966s] creating /home/addinedu/ros2_ws/build/lidar_tracking/build
[0.966s] creating /home/addinedu/ros2_ws/build/lidar_tracking/build/lib
[0.966s] creating /home/addinedu/ros2_ws/build/lidar_tracking/build/lib/lidar_tracking
[0.966s] copying lidar_tracking/lidar_distance.py -> /home/addinedu/ros2_ws/build/lidar_tracking/build/lib/lidar_tracking
[0.966s] copying lidar_tracking/lidar_following.py -> /home/addinedu/ros2_ws/build/lidar_tracking/build/lib/lidar_tracking
[0.966s] copying lidar_tracking/utils.py -> /home/addinedu/ros2_ws/build/lidar_tracking/build/lib/lidar_tracking
[0.966s] copying lidar_tracking/lidar_clustering.py -> /home/addinedu/ros2_ws/build/lidar_tracking/build/lib/lidar_tracking
[0.966s] copying lidar_tracking/__init__.py -> /home/addinedu/ros2_ws/build/lidar_tracking/build/lib/lidar_tracking
[0.966s] copying lidar_tracking/lidar_visualization.py -> /home/addinedu/ros2_ws/build/lidar_tracking/build/lib/lidar_tracking
[0.967s] copying lidar_tracking/lidar_tracking.py -> /home/addinedu/ros2_ws/build/lidar_tracking/build/lib/lidar_tracking
[0.967s] running install
[0.967s] running install_lib
[0.967s] creating /home/addinedu/ros2_ws/install/lidar_tracking/lib/python3.10/site-packages/lidar_tracking
[0.967s] copying /home/addinedu/ros2_ws/build/lidar_tracking/build/lib/lidar_tracking/lidar_distance.py -> /home/addinedu/ros2_ws/install/lidar_tracking/lib/python3.10/site-packages/lidar_tracking
[0.968s] copying /home/addinedu/ros2_ws/build/lidar_tracking/build/lib/lidar_tracking/lidar_following.py -> /home/addinedu/ros2_ws/install/lidar_tracking/lib/python3.10/site-packages/lidar_tracking
[0.968s] copying /home/addinedu/ros2_ws/build/lidar_tracking/build/lib/lidar_tracking/utils.py -> /home/addinedu/ros2_ws/install/lidar_tracking/lib/python3.10/site-packages/lidar_tracking
[0.968s] copying /home/addinedu/ros2_ws/build/lidar_tracking/build/lib/lidar_tracking/lidar_clustering.py -> /home/addinedu/ros2_ws/install/lidar_tracking/lib/python3.10/site-packages/lidar_tracking
[0.968s] copying /home/addinedu/ros2_ws/build/lidar_tracking/build/lib/lidar_tracking/__init__.py -> /home/addinedu/ros2_ws/install/lidar_tracking/lib/python3.10/site-packages/lidar_tracking
[0.968s] copying /home/addinedu/ros2_ws/build/lidar_tracking/build/lib/lidar_tracking/lidar_visualization.py -> /home/addinedu/ros2_ws/install/lidar_tracking/lib/python3.10/site-packages/lidar_tracking
[0.968s] copying /home/addinedu/ros2_ws/build/lidar_tracking/build/lib/lidar_tracking/lidar_tracking.py -> /home/addinedu/ros2_ws/install/lidar_tracking/lib/python3.10/site-packages/lidar_tracking
[0.968s] byte-compiling /home/addinedu/ros2_ws/install/lidar_tracking/lib/python3.10/site-packages/lidar_tracking/lidar_distance.py to lidar_distance.cpython-310.pyc
[0.969s] byte-compiling /home/addinedu/ros2_ws/install/lidar_tracking/lib/python3.10/site-packages/lidar_tracking/lidar_following.py to lidar_following.cpython-310.pyc
[0.969s] byte-compiling /home/addinedu/ros2_ws/install/lidar_tracking/lib/python3.10/site-packages/lidar_tracking/utils.py to utils.cpython-310.pyc
[0.969s] byte-compiling /home/addinedu/ros2_ws/install/lidar_tracking/lib/python3.10/site-packages/lidar_tracking/lidar_clustering.py to lidar_clustering.cpython-310.pyc
[0.970s] byte-compiling /home/addinedu/ros2_ws/install/lidar_tracking/lib/python3.10/site-packages/lidar_tracking/__init__.py to __init__.cpython-310.pyc
[0.970s] byte-compiling /home/addinedu/ros2_ws/install/lidar_tracking/lib/python3.10/site-packages/lidar_tracking/lidar_visualization.py to lidar_visualization.cpython-310.pyc
[0.970s] byte-compiling /home/addinedu/ros2_ws/install/lidar_tracking/lib/python3.10/site-packages/lidar_tracking/lidar_tracking.py to lidar_tracking.cpython-310.pyc
[0.971s] running install_data
[0.971s] creating /home/addinedu/ros2_ws/install/lidar_tracking/share/ament_index
[0.971s] creating /home/addinedu/ros2_ws/install/lidar_tracking/share/ament_index/resource_index
[0.971s] creating /home/addinedu/ros2_ws/install/lidar_tracking/share/ament_index/resource_index/packages
[0.971s] copying resource/lidar_tracking -> /home/addinedu/ros2_ws/install/lidar_tracking/share/ament_index/resource_index/packages
[0.972s] copying package.xml -> /home/addinedu/ros2_ws/install/lidar_tracking/share/lidar_tracking
[0.972s] running install_egg_info
[0.973s] Copying ../../build/lidar_tracking/lidar_tracking.egg-info to /home/addinedu/ros2_ws/install/lidar_tracking/lib/python3.10/site-packages/lidar_tracking-0.0.0-py3.10.egg-info
[0.973s] running install_scripts
[0.988s] Installing lidar_clustering script to /home/addinedu/ros2_ws/install/lidar_tracking/lib/lidar_tracking
[0.988s] Installing lidar_distance script to /home/addinedu/ros2_ws/install/lidar_tracking/lib/lidar_tracking
[0.988s] Installing lidar_following script to /home/addinedu/ros2_ws/install/lidar_tracking/lib/lidar_tracking
[0.988s] Installing lidar_tracking script to /home/addinedu/ros2_ws/install/lidar_tracking/lib/lidar_tracking
[0.988s] Installing lidar_visualization script to /home/addinedu/ros2_ws/install/lidar_tracking/lib/lidar_tracking
[0.989s] writing list of installed files to '/home/addinedu/ros2_ws/build/lidar_tracking/install.log'
[1.011s] Invoked command in '/home/addinedu/ros2_ws/src/lidar_tracking' returned '0': PYTHONPATH=/home/addinedu/ros2_ws/build/lidar_tracking/prefix_override:/usr/lib/python3/dist-packages/colcon_core/task/python/colcon_distutils_commands:/home/addinedu/ros2_ws/install/lidar_tracking/lib/python3.10/site-packages:${PYTHONPATH} /usr/bin/python3 -W ignore:setup.py install is deprecated -W ignore:easy_install command is deprecated setup.py egg_info --egg-base ../../build/lidar_tracking build --build-base /home/addinedu/ros2_ws/build/lidar_tracking/build install --record /home/addinedu/ros2_ws/build/lidar_tracking/install.log --single-version-externally-managed install_data
