[0.423s] Invoking command in '/home/addinedu/ros2_ws/build/ydlidar_ros2_driver': CMAKE_PREFIX_PATH=${CMAKE_PREFIX_PATH}:/opt/ros/humble:/home/addinedu/ros2_ws/install/my_first_package:/home/addinedu/ros2_ws/install/lidar_tracking /usr/bin/cmake --build /home/addinedu/ros2_ws/build/ydlidar_ros2_driver -- -j16 -l16
[0.474s] [100%] Built target ydlidar_ros2_driver_client
[0.475s] [100%] Built target ydlidar_ros2_driver_node
[0.485s] Invoked command in '/home/addinedu/ros2_ws/build/ydlidar_ros2_driver' returned '0': CMAKE_PREFIX_PATH=${CMAKE_PREFIX_PATH}:/opt/ros/humble:/home/addinedu/ros2_ws/install/my_first_package:/home/addinedu/ros2_ws/install/lidar_tracking /usr/bin/cmake --build /home/addinedu/ros2_ws/build/ydlidar_ros2_driver -- -j16 -l16
[0.494s] Invoking command in '/home/addinedu/ros2_ws/build/ydlidar_ros2_driver': CMAKE_PREFIX_PATH=${CMAKE_PREFIX_PATH}:/opt/ros/humble:/home/addinedu/ros2_ws/install/my_first_package:/home/addinedu/ros2_ws/install/lidar_tracking /usr/bin/cmake --install /home/addinedu/ros2_ws/build/ydlidar_ros2_driver
[0.502s] -- Install configuration: ""
[0.502s] -- Execute custom install script
[0.502s] -- Up-to-date symlink: /home/addinedu/ros2_ws/install/ydlidar_ros2_driver/lib/ydlidar_ros2_driver/ydlidar_ros2_driver_node
[0.502s] -- Up-to-date symlink: /home/addinedu/ros2_ws/install/ydlidar_ros2_driver/lib/ydlidar_ros2_driver/ydlidar_ros2_driver_client
[0.503s] -- Up-to-date symlink: /home/addinedu/ros2_ws/install/ydlidar_ros2_driver/share/ydlidar_ros2_driver/launch/ydlidar.py
[0.503s] -- Up-to-date symlink: /home/addinedu/ros2_ws/install/ydlidar_ros2_driver/share/ydlidar_ros2_driver/launch/ydlidar_launch.py
[0.503s] -- Up-to-date symlink: /home/addinedu/ros2_ws/install/ydlidar_ros2_driver/share/ydlidar_ros2_driver/launch/ydlidar_launch_view.py
[0.503s] -- Up-to-date symlink: /home/addinedu/ros2_ws/install/ydlidar_ros2_driver/share/ydlidar_ros2_driver/params/G1.yaml
[0.503s] -- Up-to-date symlink: /home/addinedu/ros2_ws/install/ydlidar_ros2_driver/share/ydlidar_ros2_driver/params/G2.yaml
[0.503s] -- Up-to-date symlink: /home/addinedu/ros2_ws/install/ydlidar_ros2_driver/share/ydlidar_ros2_driver/params/G6.yaml
[0.503s] -- Up-to-date symlink: /home/addinedu/ros2_ws/install/ydlidar_ros2_driver/share/ydlidar_ros2_driver/params/GS2.yaml
[0.503s] -- Up-to-date symlink: /home/addinedu/ros2_ws/install/ydlidar_ros2_driver/share/ydlidar_ros2_driver/params/TEA.yaml
[0.503s] -- Up-to-date symlink: /home/addinedu/ros2_ws/install/ydlidar_ros2_driver/share/ydlidar_ros2_driver/params/TG.yaml
[0.503s] -- Up-to-date symlink: /home/addinedu/ros2_ws/install/ydlidar_ros2_driver/share/ydlidar_ros2_driver/params/TminiPro.yaml
[0.503s] -- Up-to-date symlink: /home/addinedu/ros2_ws/install/ydlidar_ros2_driver/share/ydlidar_ros2_driver/params/X2.yaml
[0.504s] -- Up-to-date symlink: /home/addinedu/ros2_ws/install/ydlidar_ros2_driver/share/ydlidar_ros2_driver/params/X4-Pro.yaml
[0.504s] -- Up-to-date symlink: /home/addinedu/ros2_ws/install/ydlidar_ros2_driver/share/ydlidar_ros2_driver/params/X4.yaml
[0.504s] -- Up-to-date symlink: /home/addinedu/ros2_ws/install/ydlidar_ros2_driver/share/ydlidar_ros2_driver/params/ydlidar.yaml
[0.504s] -- Up-to-date symlink: /home/addinedu/ros2_ws/install/ydlidar_ros2_driver/share/ydlidar_ros2_driver/startup/initenv.sh
[0.504s] -- Up-to-date symlink: /home/addinedu/ros2_ws/install/ydlidar_ros2_driver/share/ydlidar_ros2_driver/config/ydlidar.rviz
[0.504s] -- Up-to-date symlink: /home/addinedu/ros2_ws/install/ydlidar_ros2_driver/share/ament_index/resource_index/package_run_dependencies/ydlidar_ros2_driver
[0.505s] -- Up-to-date symlink: /home/addinedu/ros2_ws/install/ydlidar_ros2_driver/share/ament_index/resource_index/parent_prefix_path/ydlidar_ros2_driver
[0.505s] -- Up-to-date symlink: /home/addinedu/ros2_ws/install/ydlidar_ros2_driver/share/ydlidar_ros2_driver/environment/ament_prefix_path.sh
[0.505s] -- Up-to-date symlink: /home/addinedu/ros2_ws/install/ydlidar_ros2_driver/share/ydlidar_ros2_driver/environment/ament_prefix_path.dsv
[0.505s] -- Up-to-date symlink: /home/addinedu/ros2_ws/install/ydlidar_ros2_driver/share/ydlidar_ros2_driver/environment/path.sh
[0.505s] -- Up-to-date symlink: /home/addinedu/ros2_ws/install/ydlidar_ros2_driver/share/ydlidar_ros2_driver/environment/path.dsv
[0.505s] -- Up-to-date symlink: /home/addinedu/ros2_ws/install/ydlidar_ros2_driver/share/ydlidar_ros2_driver/local_setup.bash
[0.505s] -- Up-to-date symlink: /home/addinedu/ros2_ws/install/ydlidar_ros2_driver/share/ydlidar_ros2_driver/local_setup.sh
[0.505s] -- Up-to-date symlink: /home/addinedu/ros2_ws/install/ydlidar_ros2_driver/share/ydlidar_ros2_driver/local_setup.zsh
[0.505s] -- Up-to-date symlink: /home/addinedu/ros2_ws/install/ydlidar_ros2_driver/share/ydlidar_ros2_driver/local_setup.dsv
[0.505s] -- Symlinking: /home/addinedu/ros2_ws/install/ydlidar_ros2_driver/share/ydlidar_ros2_driver/package.dsv
[0.513s] -- Up-to-date symlink: /home/addinedu/ros2_ws/install/ydlidar_ros2_driver/share/ament_index/resource_index/packages/ydlidar_ros2_driver
[0.513s] -- Up-to-date symlink: /home/addinedu/ros2_ws/install/ydlidar_ros2_driver/share/ydlidar_ros2_driver/cmake/ydlidar_ros2_driverConfig.cmake
[0.513s] -- Up-to-date symlink: /home/addinedu/ros2_ws/install/ydlidar_ros2_driver/share/ydlidar_ros2_driver/cmake/ydlidar_ros2_driverConfig-version.cmake
[0.513s] -- Up-to-date symlink: /home/addinedu/ros2_ws/install/ydlidar_ros2_driver/share/ydlidar_ros2_driver/package.xml
[0.515s] Invoked command in '/home/addinedu/ros2_ws/build/ydlidar_ros2_driver' returned '0': CMAKE_PREFIX_PATH=${CMAKE_PREFIX_PATH}:/opt/ros/humble:/home/addinedu/ros2_ws/install/my_first_package:/home/addinedu/ros2_ws/install/lidar_tracking /usr/bin/cmake --install /home/addinedu/ros2_ws/build/ydlidar_ros2_driver
