[0.519s] Invoking command in '/home/addinedu/ros2_ws/build/ydlidar_ros2_driver': CMAKE_PREFIX_PATH=${CMAKE_PREFIX_PATH}:/home/addinedu/ros2_ws/install/my_first_package:/home/addinedu/ros2_ws/install/lidar_tracking /usr/bin/cmake /home/addinedu/ros2_ws/src/ydlidar_ros2_driver -DAMENT_CMAKE_SYMLINK_INSTALL=1 -DCMAKE_INSTALL_PREFIX=/home/addinedu/ros2_ws/install/ydlidar_ros2_driver
[0.567s] -- Found ament_cmake: 1.3.11 (/opt/ros/humble/share/ament_cmake/cmake)
[0.719s] Traceback (most recent call last):
[0.719s]   File "/opt/ros/humble/share/ament_cmake_core/cmake/package_templates/templates_2_cmake.py", line 21, in <module>
[0.719s]     from ament_package.templates import get_environment_hook_template_path
[0.719s] ModuleNotFoundError: No module named 'ament_package'
[0.732s] [31mCMake Error at /opt/ros/humble/share/ament_cmake_core/cmake/ament_cmake_package_templates-extras.cmake:41 (message):
[0.732s]   execute_process(/usr/bin/python3
[0.732s]   /opt/ros/humble/share/ament_cmake_core/cmake/package_templates/templates_2_cmake.py
[0.732s]   /home/addinedu/ros2_ws/build/ydlidar_ros2_driver/ament_cmake_package_templates/templates.cmake)
[0.732s]   returned error code 1
[0.732s] Call Stack (most recent call first):
[0.732s]   /opt/ros/humble/share/ament_cmake_core/cmake/ament_cmake_coreConfig.cmake:41 (include)
[0.732s]   /opt/ros/humble/share/ament_cmake/cmake/ament_cmake_export_dependencies-extras.cmake:15 (find_package)
[0.732s]   /opt/ros/humble/share/ament_cmake/cmake/ament_cmakeConfig.cmake:41 (include)
[0.732s]   CMakeLists.txt:15 (find_package)
[0.732s] 
[0.732s] [0m
[0.732s] -- Configuring incomplete, errors occurred!
[0.732s] See also "/home/addinedu/ros2_ws/build/ydlidar_ros2_driver/CMakeFiles/CMakeOutput.log".
[0.737s] Invoked command in '/home/addinedu/ros2_ws/build/ydlidar_ros2_driver' returned '1': CMAKE_PREFIX_PATH=${CMAKE_PREFIX_PATH}:/home/addinedu/ros2_ws/install/my_first_package:/home/addinedu/ros2_ws/install/lidar_tracking /usr/bin/cmake /home/addinedu/ros2_ws/src/ydlidar_ros2_driver -DAMENT_CMAKE_SYMLINK_INSTALL=1 -DCMAKE_INSTALL_PREFIX=/home/addinedu/ros2_ws/install/ydlidar_ros2_driver
