[1.083s] Invoking command in '/home/addinedu/ros2_ws/src/lidar_tracking': PYTHONPATH=/home/addinedu/ros2_ws/build/lidar_tracking/prefix_override:/usr/lib/python3/dist-packages/colcon_core/task/python/colcon_distutils_commands:/home/addinedu/ros2_ws/install/lidar_tracking/lib/python3.10/site-packages:${PYTHONPATH} /usr/bin/python3 -W ignore:setup.py install is deprecated -W ignore:easy_install command is deprecated setup.py egg_info --egg-base ../../build/lidar_tracking build --build-base /home/addinedu/ros2_ws/build/lidar_tracking/build install --record /home/addinedu/ros2_ws/build/lidar_tracking/install.log --single-version-externally-managed install_data
[1.367s] running egg_info
[1.368s] writing ../../build/lidar_tracking/lidar_tracking.egg-info/PKG-INFO
[1.368s] writing dependency_links to ../../build/lidar_tracking/lidar_tracking.egg-info/dependency_links.txt
[1.368s] writing entry points to ../../build/lidar_tracking/lidar_tracking.egg-info/entry_points.txt
[1.368s] writing requirements to ../../build/lidar_tracking/lidar_tracking.egg-info/requires.txt
[1.369s] writing top-level names to ../../build/lidar_tracking/lidar_tracking.egg-info/top_level.txt
[1.370s] reading manifest file '../../build/lidar_tracking/lidar_tracking.egg-info/SOURCES.txt'
[1.371s] writing manifest file '../../build/lidar_tracking/lidar_tracking.egg-info/SOURCES.txt'
[1.371s] running build
[1.371s] running build_py
[1.372s] running install
[1.372s] running install_lib
[1.374s] running install_data
[1.374s] running install_egg_info
[1.376s] removing '/home/addinedu/ros2_ws/install/lidar_tracking/lib/python3.10/site-packages/lidar_tracking-0.0.0-py3.10.egg-info' (and everything under it)
[1.376s] Copying ../../build/lidar_tracking/lidar_tracking.egg-info to /home/addinedu/ros2_ws/install/lidar_tracking/lib/python3.10/site-packages/lidar_tracking-0.0.0-py3.10.egg-info
[1.377s] running install_scripts
[1.399s] Installing cluster_test script to /home/addinedu/ros2_ws/install/lidar_tracking/lib/lidar_tracking
[1.399s] Installing following_test script to /home/addinedu/ros2_ws/install/lidar_tracking/lib/lidar_tracking
[1.399s] Installing lidar_clustering script to /home/addinedu/ros2_ws/install/lidar_tracking/lib/lidar_tracking
[1.400s] Installing lidar_distance script to /home/addinedu/ros2_ws/install/lidar_tracking/lib/lidar_tracking
[1.400s] Installing lidar_following script to /home/addinedu/ros2_ws/install/lidar_tracking/lib/lidar_tracking
[1.400s] Installing lidar_tracking script to /home/addinedu/ros2_ws/install/lidar_tracking/lib/lidar_tracking
[1.400s] Installing lidar_vector_tracking script to /home/addinedu/ros2_ws/install/lidar_tracking/lib/lidar_tracking
[1.400s] Installing lidar_visualization script to /home/addinedu/ros2_ws/install/lidar_tracking/lib/lidar_tracking
[1.400s] Installing safe_tracking script to /home/addinedu/ros2_ws/install/lidar_tracking/lib/lidar_tracking
[1.400s] Installing utils script to /home/addinedu/ros2_ws/install/lidar_tracking/lib/lidar_tracking
[1.401s] writing list of installed files to '/home/addinedu/ros2_ws/build/lidar_tracking/install.log'
[1.430s] Invoked command in '/home/addinedu/ros2_ws/src/lidar_tracking' returned '0': PYTHONPATH=/home/addinedu/ros2_ws/build/lidar_tracking/prefix_override:/usr/lib/python3/dist-packages/colcon_core/task/python/colcon_distutils_commands:/home/addinedu/ros2_ws/install/lidar_tracking/lib/python3.10/site-packages:${PYTHONPATH} /usr/bin/python3 -W ignore:setup.py install is deprecated -W ignore:easy_install command is deprecated setup.py egg_info --egg-base ../../build/lidar_tracking build --build-base /home/addinedu/ros2_ws/build/lidar_tracking/build install --record /home/addinedu/ros2_ws/build/lidar_tracking/install.log --single-version-externally-managed install_data
