[0.484s] Invoking command in '/home/addinedu/ros2_ws/build/ydlidar_ros2_driver': /usr/bin/cmake /home/addinedu/ros2_ws/src/ydlidar_ros2_driver -DCMAKE_INSTALL_PREFIX=/home/addinedu/ros2_ws/install/ydlidar_ros2_driver
[0.509s] [31mCMake Error at CMakeLists.txt:15 (find_package):
[0.510s]   By not providing "Findament_cmake.cmake" in CMAKE_MODULE_PATH this project
[0.510s]   has asked CMake to find a package configuration file provided by
[0.510s]   "ament_cmake", but CMake did not find one.
[0.510s] 
[0.510s]   Could not find a package configuration file provided by "ament_cmake" with
[0.510s]   any of the following names:
[0.510s] 
[0.510s]     ament_cmakeConfig.cmake
[0.511s]     ament_cmake-config.cmake
[0.511s] 
[0.511s]   Add the installation prefix of "ament_cmake" to CMAKE_PREFIX_PATH or set
[0.511s]   "ament_cmake_DIR" to a directory containing one of the above files.  If
[0.511s]   "ament_cmake" provides a separate development package or SDK, be sure it
[0.511s]   has been installed.
[0.511s] 
[0.512s] [0m
[0.512s] -- Configuring incomplete, errors occurred!
[0.512s] See also "/home/addinedu/ros2_ws/build/ydlidar_ros2_driver/CMakeFiles/CMakeOutput.log".
[0.512s] Invoked command in '/home/addinedu/ros2_ws/build/ydlidar_ros2_driver' returned '1': /usr/bin/cmake /home/addinedu/ros2_ws/src/ydlidar_ros2_driver -DCMAKE_INSTALL_PREFIX=/home/addinedu/ros2_ws/install/ydlidar_ros2_driver
