[1.071s] Invoking command in '/home/addinedu/ros2_ws/src/lidar_tracking': PYTHONPATH=/home/addinedu/ros2_ws/build/lidar_tracking/prefix_override:/usr/lib/python3/dist-packages/colcon_core/task/python/colcon_distutils_commands:/home/addinedu/ros2_ws/install/lidar_tracking/lib/python3.10/site-packages:${PYTHONPATH} /usr/bin/python3 -W ignore:setup.py install is deprecated -W ignore:easy_install command is deprecated setup.py egg_info --egg-base ../../build/lidar_tracking build --build-base /home/addinedu/ros2_ws/build/lidar_tracking/build install --record /home/addinedu/ros2_ws/build/lidar_tracking/install.log --single-version-externally-managed install_data
[1.328s] running egg_info
[1.328s] writing ../../build/lidar_tracking/lidar_tracking.egg-info/PKG-INFO
[1.329s] writing dependency_links to ../../build/lidar_tracking/lidar_tracking.egg-info/dependency_links.txt
[1.329s] writing entry points to ../../build/lidar_tracking/lidar_tracking.egg-info/entry_points.txt
[1.329s] writing requirements to ../../build/lidar_tracking/lidar_tracking.egg-info/requires.txt
[1.329s] writing top-level names to ../../build/lidar_tracking/lidar_tracking.egg-info/top_level.txt
[1.330s] reading manifest file '../../build/lidar_tracking/lidar_tracking.egg-info/SOURCES.txt'
[1.332s] writing manifest file '../../build/lidar_tracking/lidar_tracking.egg-info/SOURCES.txt'
[1.332s] running build
[1.332s] running build_py
[1.332s] copying lidar_tracking/final_code.py -> /home/addinedu/ros2_ws/build/lidar_tracking/build/lib/lidar_tracking
[1.332s] running install
[1.333s] running install_lib
[1.333s] copying /home/addinedu/ros2_ws/build/lidar_tracking/build/lib/lidar_tracking/final_code.py -> /home/addinedu/ros2_ws/install/lidar_tracking/lib/python3.10/site-packages/lidar_tracking
[1.334s] byte-compiling /home/addinedu/ros2_ws/install/lidar_tracking/lib/python3.10/site-packages/lidar_tracking/final_code.py to final_code.cpython-310.pyc
[1.337s] running install_data
[1.337s] running install_egg_info
[1.339s] removing '/home/addinedu/ros2_ws/install/lidar_tracking/lib/python3.10/site-packages/lidar_tracking-0.0.0-py3.10.egg-info' (and everything under it)
[1.339s] Copying ../../build/lidar_tracking/lidar_tracking.egg-info to /home/addinedu/ros2_ws/install/lidar_tracking/lib/python3.10/site-packages/lidar_tracking-0.0.0-py3.10.egg-info
[1.340s] running install_scripts
[1.356s] Installing cluster_test script to /home/addinedu/ros2_ws/install/lidar_tracking/lib/lidar_tracking
[1.356s] Installing final_code script to /home/addinedu/ros2_ws/install/lidar_tracking/lib/lidar_tracking
[1.356s] Installing final_tracking script to /home/addinedu/ros2_ws/install/lidar_tracking/lib/lidar_tracking
[1.357s] Installing following_test script to /home/addinedu/ros2_ws/install/lidar_tracking/lib/lidar_tracking
[1.357s] Installing lidar_clustering script to /home/addinedu/ros2_ws/install/lidar_tracking/lib/lidar_tracking
[1.357s] Installing lidar_distance script to /home/addinedu/ros2_ws/install/lidar_tracking/lib/lidar_tracking
[1.357s] Installing lidar_following script to /home/addinedu/ros2_ws/install/lidar_tracking/lib/lidar_tracking
[1.357s] Installing lidar_tracking script to /home/addinedu/ros2_ws/install/lidar_tracking/lib/lidar_tracking
[1.357s] Installing lidar_visualization script to /home/addinedu/ros2_ws/install/lidar_tracking/lib/lidar_tracking
[1.357s] Installing safe_tracking script to /home/addinedu/ros2_ws/install/lidar_tracking/lib/lidar_tracking
[1.358s] Installing utils script to /home/addinedu/ros2_ws/install/lidar_tracking/lib/lidar_tracking
[1.358s] writing list of installed files to '/home/addinedu/ros2_ws/build/lidar_tracking/install.log'
[1.387s] Invoked command in '/home/addinedu/ros2_ws/src/lidar_tracking' returned '0': PYTHONPATH=/home/addinedu/ros2_ws/build/lidar_tracking/prefix_override:/usr/lib/python3/dist-packages/colcon_core/task/python/colcon_distutils_commands:/home/addinedu/ros2_ws/install/lidar_tracking/lib/python3.10/site-packages:${PYTHONPATH} /usr/bin/python3 -W ignore:setup.py install is deprecated -W ignore:easy_install command is deprecated setup.py egg_info --egg-base ../../build/lidar_tracking build --build-base /home/addinedu/ros2_ws/build/lidar_tracking/build install --record /home/addinedu/ros2_ws/build/lidar_tracking/install.log --single-version-externally-managed install_data
