[0.371s] Invoking command in '/home/addinedu/ros2_ws/build/ydlidar_ros2_driver': CMAKE_PREFIX_PATH=/home/addinedu/ros2_ws/install/my_first_package:/home/addinedu/ros2_ws/install/lidar_tracking /usr/bin/cmake /home/addinedu/ros2_ws/src/ydlidar_ros2_driver -DCMAKE_INSTALL_PREFIX=/home/addinedu/ros2_ws/install/ydlidar_ros2_driver
[0.390s] [31mCMake Error at CMakeLists.txt:15 (find_package):
[0.390s]   By not providing "Findament_cmake.cmake" in CMAKE_MODULE_PATH this project
[0.390s]   has asked CMake to find a package configuration file provided by
[0.390s]   "ament_cmake", but CMake did not find one.
[0.390s] 
[0.391s]   Could not find a package configuration file provided by "ament_cmake" with
[0.391s]   any of the following names:
[0.391s] 
[0.391s]     ament_cmakeConfig.cmake
[0.391s]     ament_cmake-config.cmake
[0.391s] 
[0.391s]   Add the installation prefix of "ament_cmake" to CMAKE_PREFIX_PATH or set
[0.391s]   "ament_cmake_DIR" to a directory containing one of the above files.  If
[0.391s]   "ament_cmake" provides a separate development package or SDK, be sure it
[0.391s]   has been installed.
[0.391s] 
[0.392s] [0m
[0.392s] -- Configuring incomplete, errors occurred!
[0.392s] See also "/home/addinedu/ros2_ws/build/ydlidar_ros2_driver/CMakeFiles/CMakeOutput.log".
[0.392s] Invoked command in '/home/addinedu/ros2_ws/build/ydlidar_ros2_driver' returned '1': CMAKE_PREFIX_PATH=/home/addinedu/ros2_ws/install/my_first_package:/home/addinedu/ros2_ws/install/lidar_tracking /usr/bin/cmake /home/addinedu/ros2_ws/src/ydlidar_ros2_driver -DCMAKE_INSTALL_PREFIX=/home/addinedu/ros2_ws/install/ydlidar_ros2_driver
