[0.135s] DEBUG:colcon:Command line arguments: ['/usr/bin/colcon', 'build']
[0.135s] DEBUG:colcon:Parsed command line arguments: Namespace(log_base=None, log_level=None, verb_name='build', build_base='build', install_base='install', merge_install=False, symlink_install=False, test_result_base=None, continue_on_error=False, executor='parallel', parallel_workers=16, event_handlers=None, ignore_user_meta=False, metas=['./colcon.meta'], base_paths=['.'], packages_ignore=None, packages_ignore_regex=None, paths=None, packages_up_to=None, packages_up_to_regex=None, packages_above=None, packages_above_and_dependencies=None, packages_above_depth=None, packages_select_by_dep=None, packages_skip_by_dep=None, packages_skip_up_to=None, packages_select_build_failed=False, packages_skip_build_finished=False, packages_select_test_failures=False, packages_skip_test_passed=False, packages_select=None, packages_skip=None, packages_select_regex=None, packages_skip_regex=None, packages_start=None, packages_end=None, allow_overriding=[], cmake_args=None, cmake_target=None, cmake_target_skip_unavailable=False, cmake_clean_cache=False, cmake_clean_first=False, cmake_force_configure=False, ament_cmake_args=None, catkin_cmake_args=None, catkin_skip_building_tests=False, mixin_files=None, mixin=None, verb_parser=<colcon_mixin.mixin.mixin_argument.MixinArgumentDecorator object at 0x7b26e14ee080>, verb_extension=<colcon_core.verb.build.BuildVerb object at 0x7b26e164f6a0>, main=<bound method BuildVerb.main of <colcon_core.verb.build.BuildVerb object at 0x7b26e164f6a0>>, mixin_verb=('build',))
[0.365s] Level 1:colcon.colcon_core.package_discovery:discover_packages(colcon_meta) check parameters
[0.365s] Level 1:colcon.colcon_core.package_discovery:discover_packages(recursive) check parameters
[0.365s] Level 1:colcon.colcon_core.package_discovery:discover_packages(ignore) check parameters
[0.365s] Level 1:colcon.colcon_core.package_discovery:discover_packages(path) check parameters
[0.365s] Level 1:colcon.colcon_core.package_discovery:discover_packages(colcon_meta) discover
[0.365s] Level 1:colcon.colcon_core.package_discovery:discover_packages(recursive) discover
[0.365s] INFO:colcon.colcon_core.package_discovery:Crawling recursively for packages in '/home/addinedu/ros2_ws'
[0.365s] Level 1:colcon.colcon_core.package_identification:_identify(.) by extensions ['ignore', 'ignore_ament_install']
[0.365s] Level 1:colcon.colcon_core.package_identification:_identify(.) by extension 'ignore'
[0.365s] Level 1:colcon.colcon_core.package_identification:_identify(.) by extension 'ignore_ament_install'
[0.366s] Level 1:colcon.colcon_core.package_identification:_identify(.) by extensions ['colcon_pkg']
[0.366s] Level 1:colcon.colcon_core.package_identification:_identify(.) by extension 'colcon_pkg'
[0.366s] Level 1:colcon.colcon_core.package_identification:_identify(.) by extensions ['colcon_meta']
[0.366s] Level 1:colcon.colcon_core.package_identification:_identify(.) by extension 'colcon_meta'
[0.366s] Level 1:colcon.colcon_core.package_identification:_identify(.) by extensions ['ros']
[0.366s] Level 1:colcon.colcon_core.package_identification:_identify(.) by extension 'ros'
[0.402s] Level 1:colcon.colcon_core.package_identification:_identify(.) by extensions ['cmake', 'python']
[0.402s] Level 1:colcon.colcon_core.package_identification:_identify(.) by extension 'cmake'
[0.402s] Level 1:colcon.colcon_core.package_identification:_identify(.) by extension 'python'
[0.402s] Level 1:colcon.colcon_core.package_identification:_identify(.) by extensions ['python_setup_py']
[0.402s] Level 1:colcon.colcon_core.package_identification:_identify(.) by extension 'python_setup_py'
[0.402s] Level 1:colcon.colcon_core.package_identification:_identify(build) by extensions ['ignore', 'ignore_ament_install']
[0.402s] Level 1:colcon.colcon_core.package_identification:_identify(build) by extension 'ignore'
[0.402s] Level 1:colcon.colcon_core.package_identification:_identify(build) ignored
[0.402s] Level 1:colcon.colcon_core.package_identification:_identify(install) by extensions ['ignore', 'ignore_ament_install']
[0.402s] Level 1:colcon.colcon_core.package_identification:_identify(install) by extension 'ignore'
[0.402s] Level 1:colcon.colcon_core.package_identification:_identify(install) ignored
[0.403s] Level 1:colcon.colcon_core.package_identification:_identify(log) by extensions ['ignore', 'ignore_ament_install']
[0.403s] Level 1:colcon.colcon_core.package_identification:_identify(log) by extension 'ignore'
[0.403s] Level 1:colcon.colcon_core.package_identification:_identify(log) ignored
[0.403s] Level 1:colcon.colcon_core.package_identification:_identify(src) by extensions ['ignore', 'ignore_ament_install']
[0.403s] Level 1:colcon.colcon_core.package_identification:_identify(src) by extension 'ignore'
[0.403s] Level 1:colcon.colcon_core.package_identification:_identify(src) by extension 'ignore_ament_install'
[0.403s] Level 1:colcon.colcon_core.package_identification:_identify(src) by extensions ['colcon_pkg']
[0.403s] Level 1:colcon.colcon_core.package_identification:_identify(src) by extension 'colcon_pkg'
[0.403s] Level 1:colcon.colcon_core.package_identification:_identify(src) by extensions ['colcon_meta']
[0.403s] Level 1:colcon.colcon_core.package_identification:_identify(src) by extension 'colcon_meta'
[0.403s] Level 1:colcon.colcon_core.package_identification:_identify(src) by extensions ['ros']
[0.403s] Level 1:colcon.colcon_core.package_identification:_identify(src) by extension 'ros'
[0.403s] Level 1:colcon.colcon_core.package_identification:_identify(src) by extensions ['cmake', 'python']
[0.403s] Level 1:colcon.colcon_core.package_identification:_identify(src) by extension 'cmake'
[0.403s] Level 1:colcon.colcon_core.package_identification:_identify(src) by extension 'python'
[0.403s] Level 1:colcon.colcon_core.package_identification:_identify(src) by extensions ['python_setup_py']
[0.404s] Level 1:colcon.colcon_core.package_identification:_identify(src) by extension 'python_setup_py'
[0.404s] Level 1:colcon.colcon_core.package_identification:_identify(src/lidar_tracking) by extensions ['ignore', 'ignore_ament_install']
[0.404s] Level 1:colcon.colcon_core.package_identification:_identify(src/lidar_tracking) by extension 'ignore'
[0.404s] Level 1:colcon.colcon_core.package_identification:_identify(src/lidar_tracking) by extension 'ignore_ament_install'
[0.404s] Level 1:colcon.colcon_core.package_identification:_identify(src/lidar_tracking) by extensions ['colcon_pkg']
[0.404s] Level 1:colcon.colcon_core.package_identification:_identify(src/lidar_tracking) by extension 'colcon_pkg'
[0.404s] Level 1:colcon.colcon_core.package_identification:_identify(src/lidar_tracking) by extensions ['colcon_meta']
[0.404s] Level 1:colcon.colcon_core.package_identification:_identify(src/lidar_tracking) by extension 'colcon_meta'
[0.404s] Level 1:colcon.colcon_core.package_identification:_identify(src/lidar_tracking) by extensions ['ros']
[0.404s] Level 1:colcon.colcon_core.package_identification:_identify(src/lidar_tracking) by extension 'ros'
[0.407s] DEBUG:colcon.colcon_core.package_identification:Package 'src/lidar_tracking' with type 'ros.ament_python' and name 'lidar_tracking'
[0.408s] Level 1:colcon.colcon_core.package_identification:_identify(src/my_first_package) by extensions ['ignore', 'ignore_ament_install']
[0.408s] Level 1:colcon.colcon_core.package_identification:_identify(src/my_first_package) by extension 'ignore'
[0.408s] Level 1:colcon.colcon_core.package_identification:_identify(src/my_first_package) by extension 'ignore_ament_install'
[0.408s] Level 1:colcon.colcon_core.package_identification:_identify(src/my_first_package) by extensions ['colcon_pkg']
[0.408s] Level 1:colcon.colcon_core.package_identification:_identify(src/my_first_package) by extension 'colcon_pkg'
[0.408s] Level 1:colcon.colcon_core.package_identification:_identify(src/my_first_package) by extensions ['colcon_meta']
[0.408s] Level 1:colcon.colcon_core.package_identification:_identify(src/my_first_package) by extension 'colcon_meta'
[0.408s] Level 1:colcon.colcon_core.package_identification:_identify(src/my_first_package) by extensions ['ros']
[0.408s] Level 1:colcon.colcon_core.package_identification:_identify(src/my_first_package) by extension 'ros'
[0.410s] DEBUG:colcon.colcon_core.package_identification:Package 'src/my_first_package' with type 'ros.ament_python' and name 'my_first_package'
[0.410s] Level 1:colcon.colcon_core.package_identification:_identify(src/ydlidar_ros2_driver) by extensions ['ignore', 'ignore_ament_install']
[0.410s] Level 1:colcon.colcon_core.package_identification:_identify(src/ydlidar_ros2_driver) by extension 'ignore'
[0.410s] Level 1:colcon.colcon_core.package_identification:_identify(src/ydlidar_ros2_driver) by extension 'ignore_ament_install'
[0.410s] Level 1:colcon.colcon_core.package_identification:_identify(src/ydlidar_ros2_driver) by extensions ['colcon_pkg']
[0.411s] Level 1:colcon.colcon_core.package_identification:_identify(src/ydlidar_ros2_driver) by extension 'colcon_pkg'
[0.411s] Level 1:colcon.colcon_core.package_identification:_identify(src/ydlidar_ros2_driver) by extensions ['colcon_meta']
[0.411s] Level 1:colcon.colcon_core.package_identification:_identify(src/ydlidar_ros2_driver) by extension 'colcon_meta'
[0.411s] Level 1:colcon.colcon_core.package_identification:_identify(src/ydlidar_ros2_driver) by extensions ['ros']
[0.411s] Level 1:colcon.colcon_core.package_identification:_identify(src/ydlidar_ros2_driver) by extension 'ros'
[0.412s] DEBUG:colcon.colcon_core.package_identification:Package 'src/ydlidar_ros2_driver' with type 'ros.ament_cmake' and name 'ydlidar_ros2_driver'
[0.412s] Level 1:colcon.colcon_core.package_discovery:discover_packages(recursive) using defaults
[0.412s] Level 1:colcon.colcon_core.package_discovery:discover_packages(ignore) discover
[0.412s] Level 1:colcon.colcon_core.package_discovery:discover_packages(ignore) using defaults
[0.412s] Level 1:colcon.colcon_core.package_discovery:discover_packages(path) discover
[0.412s] Level 1:colcon.colcon_core.package_discovery:discover_packages(path) using defaults
[0.433s] Level 1:colcon.colcon_core.package_discovery:discover_packages(prefix_path) check parameters
[0.433s] Level 1:colcon.colcon_core.package_discovery:discover_packages(prefix_path) discover
[0.435s] Level 1:colcon.colcon_core.package_discovery:discover_packages(prefix_path) using defaults
[0.436s] Level 5:colcon.colcon_core.verb:set package 'lidar_tracking' build argument 'cmake_args' from command line to 'None'
[0.436s] Level 5:colcon.colcon_core.verb:set package 'lidar_tracking' build argument 'cmake_target' from command line to 'None'
[0.436s] Level 5:colcon.colcon_core.verb:set package 'lidar_tracking' build argument 'cmake_target_skip_unavailable' from command line to 'False'
[0.436s] Level 5:colcon.colcon_core.verb:set package 'lidar_tracking' build argument 'cmake_clean_cache' from command line to 'False'
[0.436s] Level 5:colcon.colcon_core.verb:set package 'lidar_tracking' build argument 'cmake_clean_first' from command line to 'False'
[0.436s] Level 5:colcon.colcon_core.verb:set package 'lidar_tracking' build argument 'cmake_force_configure' from command line to 'False'
[0.436s] Level 5:colcon.colcon_core.verb:set package 'lidar_tracking' build argument 'ament_cmake_args' from command line to 'None'
[0.436s] Level 5:colcon.colcon_core.verb:set package 'lidar_tracking' build argument 'catkin_cmake_args' from command line to 'None'
[0.436s] Level 5:colcon.colcon_core.verb:set package 'lidar_tracking' build argument 'catkin_skip_building_tests' from command line to 'False'
[0.436s] DEBUG:colcon.colcon_core.verb:Building package 'lidar_tracking' with the following arguments: {'ament_cmake_args': None, 'build_base': '/home/addinedu/ros2_ws/build/lidar_tracking', 'catkin_cmake_args': None, 'catkin_skip_building_tests': False, 'cmake_args': None, 'cmake_clean_cache': False, 'cmake_clean_first': False, 'cmake_force_configure': False, 'cmake_target': None, 'cmake_target_skip_unavailable': False, 'install_base': '/home/addinedu/ros2_ws/install/lidar_tracking', 'merge_install': False, 'path': '/home/addinedu/ros2_ws/src/lidar_tracking', 'symlink_install': False, 'test_result_base': None}
[0.437s] Level 5:colcon.colcon_core.verb:set package 'my_first_package' build argument 'cmake_args' from command line to 'None'
[0.437s] Level 5:colcon.colcon_core.verb:set package 'my_first_package' build argument 'cmake_target' from command line to 'None'
[0.437s] Level 5:colcon.colcon_core.verb:set package 'my_first_package' build argument 'cmake_target_skip_unavailable' from command line to 'False'
[0.437s] Level 5:colcon.colcon_core.verb:set package 'my_first_package' build argument 'cmake_clean_cache' from command line to 'False'
[0.437s] Level 5:colcon.colcon_core.verb:set package 'my_first_package' build argument 'cmake_clean_first' from command line to 'False'
[0.437s] Level 5:colcon.colcon_core.verb:set package 'my_first_package' build argument 'cmake_force_configure' from command line to 'False'
[0.437s] Level 5:colcon.colcon_core.verb:set package 'my_first_package' build argument 'ament_cmake_args' from command line to 'None'
[0.437s] Level 5:colcon.colcon_core.verb:set package 'my_first_package' build argument 'catkin_cmake_args' from command line to 'None'
[0.437s] Level 5:colcon.colcon_core.verb:set package 'my_first_package' build argument 'catkin_skip_building_tests' from command line to 'False'
[0.437s] DEBUG:colcon.colcon_core.verb:Building package 'my_first_package' with the following arguments: {'ament_cmake_args': None, 'build_base': '/home/addinedu/ros2_ws/build/my_first_package', 'catkin_cmake_args': None, 'catkin_skip_building_tests': False, 'cmake_args': None, 'cmake_clean_cache': False, 'cmake_clean_first': False, 'cmake_force_configure': False, 'cmake_target': None, 'cmake_target_skip_unavailable': False, 'install_base': '/home/addinedu/ros2_ws/install/my_first_package', 'merge_install': False, 'path': '/home/addinedu/ros2_ws/src/my_first_package', 'symlink_install': False, 'test_result_base': None}
[0.438s] Level 5:colcon.colcon_core.verb:set package 'ydlidar_ros2_driver' build argument 'cmake_args' from command line to 'None'
[0.438s] Level 5:colcon.colcon_core.verb:set package 'ydlidar_ros2_driver' build argument 'cmake_target' from command line to 'None'
[0.438s] Level 5:colcon.colcon_core.verb:set package 'ydlidar_ros2_driver' build argument 'cmake_target_skip_unavailable' from command line to 'False'
[0.438s] Level 5:colcon.colcon_core.verb:set package 'ydlidar_ros2_driver' build argument 'cmake_clean_cache' from command line to 'False'
[0.438s] Level 5:colcon.colcon_core.verb:set package 'ydlidar_ros2_driver' build argument 'cmake_clean_first' from command line to 'False'
[0.438s] Level 5:colcon.colcon_core.verb:set package 'ydlidar_ros2_driver' build argument 'cmake_force_configure' from command line to 'False'
[0.438s] Level 5:colcon.colcon_core.verb:set package 'ydlidar_ros2_driver' build argument 'ament_cmake_args' from command line to 'None'
[0.438s] Level 5:colcon.colcon_core.verb:set package 'ydlidar_ros2_driver' build argument 'catkin_cmake_args' from command line to 'None'
[0.438s] Level 5:colcon.colcon_core.verb:set package 'ydlidar_ros2_driver' build argument 'catkin_skip_building_tests' from command line to 'False'
[0.438s] DEBUG:colcon.colcon_core.verb:Building package 'ydlidar_ros2_driver' with the following arguments: {'ament_cmake_args': None, 'build_base': '/home/addinedu/ros2_ws/build/ydlidar_ros2_driver', 'catkin_cmake_args': None, 'catkin_skip_building_tests': False, 'cmake_args': None, 'cmake_clean_cache': False, 'cmake_clean_first': False, 'cmake_force_configure': False, 'cmake_target': None, 'cmake_target_skip_unavailable': False, 'install_base': '/home/addinedu/ros2_ws/install/ydlidar_ros2_driver', 'merge_install': False, 'path': '/home/addinedu/ros2_ws/src/ydlidar_ros2_driver', 'symlink_install': False, 'test_result_base': None}
[0.438s] INFO:colcon.colcon_core.executor:Executing jobs using 'parallel' executor
[0.439s] DEBUG:colcon.colcon_parallel_executor.executor.parallel:run_until_complete
[0.439s] INFO:colcon.colcon_ros.task.ament_python.build:Building ROS package in '/home/addinedu/ros2_ws/src/lidar_tracking' with build type 'ament_python'
[0.440s] Level 1:colcon.colcon_core.shell:create_environment_hook('lidar_tracking', 'ament_prefix_path')
[0.443s] INFO:colcon.colcon_core.plugin_system:Skipping extension 'colcon_core.shell.bat': Not used on non-Windows systems
[0.443s] INFO:colcon.colcon_core.shell:Creating environment hook '/home/addinedu/ros2_ws/install/lidar_tracking/share/lidar_tracking/hook/ament_prefix_path.ps1'
[0.444s] INFO:colcon.colcon_core.shell:Creating environment descriptor '/home/addinedu/ros2_ws/install/lidar_tracking/share/lidar_tracking/hook/ament_prefix_path.dsv'
[0.445s] INFO:colcon.colcon_core.shell:Creating environment hook '/home/addinedu/ros2_ws/install/lidar_tracking/share/lidar_tracking/hook/ament_prefix_path.sh'
[0.445s] INFO:colcon.colcon_core.shell:Skip shell extension 'powershell' for command environment: Not usable outside of PowerShell
[0.446s] DEBUG:colcon.colcon_core.shell:Skip shell extension 'dsv' for command environment
[0.447s] INFO:colcon.colcon_ros.task.ament_python.build:Building ROS package in '/home/addinedu/ros2_ws/src/my_first_package' with build type 'ament_python'
[0.447s] Level 1:colcon.colcon_core.shell:create_environment_hook('my_first_package', 'ament_prefix_path')
[0.448s] INFO:colcon.colcon_core.shell:Creating environment hook '/home/addinedu/ros2_ws/install/my_first_package/share/my_first_package/hook/ament_prefix_path.ps1'
[0.448s] INFO:colcon.colcon_core.shell:Creating environment descriptor '/home/addinedu/ros2_ws/install/my_first_package/share/my_first_package/hook/ament_prefix_path.dsv'
[0.449s] INFO:colcon.colcon_core.shell:Creating environment hook '/home/addinedu/ros2_ws/install/my_first_package/share/my_first_package/hook/ament_prefix_path.sh'
[0.449s] INFO:colcon.colcon_core.shell:Skip shell extension 'powershell' for command environment: Not usable outside of PowerShell
[0.449s] DEBUG:colcon.colcon_core.shell:Skip shell extension 'dsv' for command environment
[0.450s] INFO:colcon.colcon_ros.task.ament_cmake.build:Building ROS package in '/home/addinedu/ros2_ws/src/ydlidar_ros2_driver' with build type 'ament_cmake'
[0.450s] INFO:colcon.colcon_cmake.task.cmake.build:Building CMake package in '/home/addinedu/ros2_ws/src/ydlidar_ros2_driver'
[0.450s] INFO:colcon.colcon_core.shell:Skip shell extension 'powershell' for command environment: Not usable outside of PowerShell
[0.450s] DEBUG:colcon.colcon_core.shell:Skip shell extension 'dsv' for command environment
[0.689s] INFO:colcon.colcon_core.task.python.build:Building Python package in '/home/addinedu/ros2_ws/src/lidar_tracking'
[0.689s] INFO:colcon.colcon_core.shell:Skip shell extension 'powershell' for command environment: Not usable outside of PowerShell
[0.689s] DEBUG:colcon.colcon_core.shell:Skip shell extension 'dsv' for command environment
[0.853s] INFO:colcon.colcon_core.task.python.build:Building Python package in '/home/addinedu/ros2_ws/src/my_first_package'
[0.853s] INFO:colcon.colcon_core.shell:Skip shell extension 'powershell' for command environment: Not usable outside of PowerShell
[0.853s] DEBUG:colcon.colcon_core.shell:Skip shell extension 'dsv' for command environment
[0.860s] DEBUG:colcon.colcon_core.event_handler.log_command:Invoking command in '/home/addinedu/ros2_ws/build/ydlidar_ros2_driver': /usr/bin/cmake --build /home/addinedu/ros2_ws/build/ydlidar_ros2_driver -- -j16 -l16
[0.993s] DEBUG:colcon.colcon_core.event_handler.log_command:Invoked command in '/home/addinedu/ros2_ws/build/ydlidar_ros2_driver' returned '0': /usr/bin/cmake --build /home/addinedu/ros2_ws/build/ydlidar_ros2_driver -- -j16 -l16
[1.002s] DEBUG:colcon.colcon_core.event_handler.log_command:Invoking command in '/home/addinedu/ros2_ws/build/ydlidar_ros2_driver': /usr/bin/cmake --install /home/addinedu/ros2_ws/build/ydlidar_ros2_driver
[1.014s] Level 1:colcon.colcon_core.environment:create_environment_scripts_only(ydlidar_ros2_driver)
[1.014s] DEBUG:colcon.colcon_core.event_handler.log_command:Invoked command in '/home/addinedu/ros2_ws/build/ydlidar_ros2_driver' returned '0': /usr/bin/cmake --install /home/addinedu/ros2_ws/build/ydlidar_ros2_driver
[1.017s] Level 1:colcon.colcon_core.environment:checking '/home/addinedu/ros2_ws/install/ydlidar_ros2_driver' for CMake module files
[1.017s] Level 1:colcon.colcon_core.environment:checking '/home/addinedu/ros2_ws/install/ydlidar_ros2_driver' for CMake config files
[1.017s] Level 1:colcon.colcon_core.shell:create_environment_hook('ydlidar_ros2_driver', 'cmake_prefix_path')
[1.017s] INFO:colcon.colcon_core.shell:Creating environment hook '/home/addinedu/ros2_ws/install/ydlidar_ros2_driver/share/ydlidar_ros2_driver/hook/cmake_prefix_path.ps1'
[1.018s] INFO:colcon.colcon_core.shell:Creating environment descriptor '/home/addinedu/ros2_ws/install/ydlidar_ros2_driver/share/ydlidar_ros2_driver/hook/cmake_prefix_path.dsv'
[1.018s] INFO:colcon.colcon_core.shell:Creating environment hook '/home/addinedu/ros2_ws/install/ydlidar_ros2_driver/share/ydlidar_ros2_driver/hook/cmake_prefix_path.sh'
[1.019s] Level 1:colcon.colcon_core.environment:checking '/home/addinedu/ros2_ws/install/ydlidar_ros2_driver/lib'
[1.019s] Level 1:colcon.colcon_core.environment:checking '/home/addinedu/ros2_ws/install/ydlidar_ros2_driver/bin'
[1.019s] Level 1:colcon.colcon_core.environment:checking '/home/addinedu/ros2_ws/install/ydlidar_ros2_driver/lib/pkgconfig/ydlidar_ros2_driver.pc'
[1.019s] Level 1:colcon.colcon_core.environment:checking '/home/addinedu/ros2_ws/install/ydlidar_ros2_driver/lib/python3.10/site-packages'
[1.019s] Level 1:colcon.colcon_core.environment:checking '/home/addinedu/ros2_ws/install/ydlidar_ros2_driver/bin'
[1.019s] INFO:colcon.colcon_core.shell:Creating package script '/home/addinedu/ros2_ws/install/ydlidar_ros2_driver/share/ydlidar_ros2_driver/package.ps1'
[1.020s] INFO:colcon.colcon_core.shell:Creating package descriptor '/home/addinedu/ros2_ws/install/ydlidar_ros2_driver/share/ydlidar_ros2_driver/package.dsv'
[1.020s] INFO:colcon.colcon_core.shell:Creating package script '/home/addinedu/ros2_ws/install/ydlidar_ros2_driver/share/ydlidar_ros2_driver/package.sh'
[1.021s] INFO:colcon.colcon_core.shell:Creating package script '/home/addinedu/ros2_ws/install/ydlidar_ros2_driver/share/ydlidar_ros2_driver/package.bash'
[1.021s] INFO:colcon.colcon_core.shell:Creating package script '/home/addinedu/ros2_ws/install/ydlidar_ros2_driver/share/ydlidar_ros2_driver/package.zsh'
[1.022s] Level 1:colcon.colcon_core.environment:create_file_with_runtime_dependencies(/home/addinedu/ros2_ws/install/ydlidar_ros2_driver/share/colcon-core/packages/ydlidar_ros2_driver)
[1.022s] Level 1:colcon.colcon_core.environment:create_environment_scripts_only(ydlidar_ros2_driver)
[1.023s] Level 1:colcon.colcon_core.environment:checking '/home/addinedu/ros2_ws/install/ydlidar_ros2_driver' for CMake module files
[1.023s] Level 1:colcon.colcon_core.environment:checking '/home/addinedu/ros2_ws/install/ydlidar_ros2_driver' for CMake config files
[1.023s] Level 1:colcon.colcon_core.shell:create_environment_hook('ydlidar_ros2_driver', 'cmake_prefix_path')
[1.023s] INFO:colcon.colcon_core.shell:Creating environment hook '/home/addinedu/ros2_ws/install/ydlidar_ros2_driver/share/ydlidar_ros2_driver/hook/cmake_prefix_path.ps1'
[1.024s] INFO:colcon.colcon_core.shell:Creating environment descriptor '/home/addinedu/ros2_ws/install/ydlidar_ros2_driver/share/ydlidar_ros2_driver/hook/cmake_prefix_path.dsv'
[1.024s] INFO:colcon.colcon_core.shell:Creating environment hook '/home/addinedu/ros2_ws/install/ydlidar_ros2_driver/share/ydlidar_ros2_driver/hook/cmake_prefix_path.sh'
[1.024s] Level 1:colcon.colcon_core.environment:checking '/home/addinedu/ros2_ws/install/ydlidar_ros2_driver/lib'
[1.024s] Level 1:colcon.colcon_core.environment:checking '/home/addinedu/ros2_ws/install/ydlidar_ros2_driver/bin'
[1.024s] Level 1:colcon.colcon_core.environment:checking '/home/addinedu/ros2_ws/install/ydlidar_ros2_driver/lib/pkgconfig/ydlidar_ros2_driver.pc'
[1.024s] Level 1:colcon.colcon_core.environment:checking '/home/addinedu/ros2_ws/install/ydlidar_ros2_driver/lib/python3.10/site-packages'
[1.025s] Level 1:colcon.colcon_core.environment:checking '/home/addinedu/ros2_ws/install/ydlidar_ros2_driver/bin'
[1.025s] INFO:colcon.colcon_core.shell:Creating package script '/home/addinedu/ros2_ws/install/ydlidar_ros2_driver/share/ydlidar_ros2_driver/package.ps1'
[1.026s] INFO:colcon.colcon_core.shell:Creating package descriptor '/home/addinedu/ros2_ws/install/ydlidar_ros2_driver/share/ydlidar_ros2_driver/package.dsv'
[1.026s] INFO:colcon.colcon_core.shell:Creating package script '/home/addinedu/ros2_ws/install/ydlidar_ros2_driver/share/ydlidar_ros2_driver/package.sh'
[1.026s] INFO:colcon.colcon_core.shell:Creating package script '/home/addinedu/ros2_ws/install/ydlidar_ros2_driver/share/ydlidar_ros2_driver/package.bash'
[1.027s] INFO:colcon.colcon_core.shell:Creating package script '/home/addinedu/ros2_ws/install/ydlidar_ros2_driver/share/ydlidar_ros2_driver/package.zsh'
[1.027s] Level 1:colcon.colcon_core.environment:create_file_with_runtime_dependencies(/home/addinedu/ros2_ws/install/ydlidar_ros2_driver/share/colcon-core/packages/ydlidar_ros2_driver)
[1.125s] DEBUG:colcon.colcon_core.event_handler.log_command:Invoking command in '/home/addinedu/ros2_ws/src/my_first_package': PYTHONPATH=/home/addinedu/ros2_ws/build/my_first_package/prefix_override:/usr/lib/python3/dist-packages/colcon_core/task/python/colcon_distutils_commands:/home/addinedu/ros2_ws/install/my_first_package/lib/python3.10/site-packages: /usr/bin/python3 -W ignore:setup.py install is deprecated -W ignore:easy_install command is deprecated setup.py egg_info --egg-base ../../build/my_first_package build --build-base /home/addinedu/ros2_ws/build/my_first_package/build install --record /home/addinedu/ros2_ws/build/my_first_package/install.log --single-version-externally-managed install_data
[1.127s] DEBUG:colcon.colcon_core.event_handler.log_command:Invoking command in '/home/addinedu/ros2_ws/src/lidar_tracking': PYTHONPATH=/home/addinedu/ros2_ws/build/lidar_tracking/prefix_override:/usr/lib/python3/dist-packages/colcon_core/task/python/colcon_distutils_commands:/home/addinedu/ros2_ws/install/lidar_tracking/lib/python3.10/site-packages: /usr/bin/python3 -W ignore:setup.py install is deprecated -W ignore:easy_install command is deprecated setup.py egg_info --egg-base ../../build/lidar_tracking build --build-base /home/addinedu/ros2_ws/build/lidar_tracking/build install --record /home/addinedu/ros2_ws/build/lidar_tracking/install.log --single-version-externally-managed install_data
[1.318s] Level 1:colcon.colcon_core.environment:checking '/home/addinedu/ros2_ws/install/lidar_tracking' for CMake module files
[1.319s] DEBUG:colcon.colcon_core.event_handler.log_command:Invoked command in '/home/addinedu/ros2_ws/src/lidar_tracking' returned '0': PYTHONPATH=/home/addinedu/ros2_ws/build/lidar_tracking/prefix_override:/usr/lib/python3/dist-packages/colcon_core/task/python/colcon_distutils_commands:/home/addinedu/ros2_ws/install/lidar_tracking/lib/python3.10/site-packages: /usr/bin/python3 -W ignore:setup.py install is deprecated -W ignore:easy_install command is deprecated setup.py egg_info --egg-base ../../build/lidar_tracking build --build-base /home/addinedu/ros2_ws/build/lidar_tracking/build install --record /home/addinedu/ros2_ws/build/lidar_tracking/install.log --single-version-externally-managed install_data
[1.319s] Level 1:colcon.colcon_core.environment:checking '/home/addinedu/ros2_ws/install/lidar_tracking' for CMake config files
[1.319s] Level 1:colcon.colcon_core.environment:checking '/home/addinedu/ros2_ws/install/lidar_tracking/lib'
[1.319s] Level 1:colcon.colcon_core.environment:checking '/home/addinedu/ros2_ws/install/lidar_tracking/bin'
[1.319s] Level 1:colcon.colcon_core.environment:checking '/home/addinedu/ros2_ws/install/lidar_tracking/lib/pkgconfig/lidar_tracking.pc'
[1.320s] Level 1:colcon.colcon_core.environment:checking '/home/addinedu/ros2_ws/install/lidar_tracking/lib/python3.10/site-packages'
[1.320s] Level 1:colcon.colcon_core.shell:create_environment_hook('lidar_tracking', 'pythonpath')
[1.320s] INFO:colcon.colcon_core.shell:Creating environment hook '/home/addinedu/ros2_ws/install/lidar_tracking/share/lidar_tracking/hook/pythonpath.ps1'
[1.320s] INFO:colcon.colcon_core.shell:Creating environment descriptor '/home/addinedu/ros2_ws/install/lidar_tracking/share/lidar_tracking/hook/pythonpath.dsv'
[1.320s] INFO:colcon.colcon_core.shell:Creating environment hook '/home/addinedu/ros2_ws/install/lidar_tracking/share/lidar_tracking/hook/pythonpath.sh'
[1.321s] Level 1:colcon.colcon_core.environment:checking '/home/addinedu/ros2_ws/install/lidar_tracking/bin'
[1.321s] Level 1:colcon.colcon_core.environment:create_environment_scripts_only(lidar_tracking)
[1.321s] INFO:colcon.colcon_core.shell:Creating package script '/home/addinedu/ros2_ws/install/lidar_tracking/share/lidar_tracking/package.ps1'
[1.321s] INFO:colcon.colcon_core.shell:Creating package descriptor '/home/addinedu/ros2_ws/install/lidar_tracking/share/lidar_tracking/package.dsv'
[1.322s] INFO:colcon.colcon_core.shell:Creating package script '/home/addinedu/ros2_ws/install/lidar_tracking/share/lidar_tracking/package.sh'
[1.322s] INFO:colcon.colcon_core.shell:Creating package script '/home/addinedu/ros2_ws/install/lidar_tracking/share/lidar_tracking/package.bash'
[1.323s] INFO:colcon.colcon_core.shell:Creating package script '/home/addinedu/ros2_ws/install/lidar_tracking/share/lidar_tracking/package.zsh'
[1.323s] Level 1:colcon.colcon_core.environment:create_file_with_runtime_dependencies(/home/addinedu/ros2_ws/install/lidar_tracking/share/colcon-core/packages/lidar_tracking)
[1.324s] Level 1:colcon.colcon_core.environment:checking '/home/addinedu/ros2_ws/install/my_first_package' for CMake module files
[1.325s] DEBUG:colcon.colcon_core.event_handler.log_command:Invoked command in '/home/addinedu/ros2_ws/src/my_first_package' returned '0': PYTHONPATH=/home/addinedu/ros2_ws/build/my_first_package/prefix_override:/usr/lib/python3/dist-packages/colcon_core/task/python/colcon_distutils_commands:/home/addinedu/ros2_ws/install/my_first_package/lib/python3.10/site-packages: /usr/bin/python3 -W ignore:setup.py install is deprecated -W ignore:easy_install command is deprecated setup.py egg_info --egg-base ../../build/my_first_package build --build-base /home/addinedu/ros2_ws/build/my_first_package/build install --record /home/addinedu/ros2_ws/build/my_first_package/install.log --single-version-externally-managed install_data
[1.325s] Level 1:colcon.colcon_core.environment:checking '/home/addinedu/ros2_ws/install/my_first_package' for CMake config files
[1.325s] Level 1:colcon.colcon_core.environment:checking '/home/addinedu/ros2_ws/install/my_first_package/lib'
[1.326s] Level 1:colcon.colcon_core.environment:checking '/home/addinedu/ros2_ws/install/my_first_package/bin'
[1.326s] Level 1:colcon.colcon_core.environment:checking '/home/addinedu/ros2_ws/install/my_first_package/lib/pkgconfig/my_first_package.pc'
[1.326s] Level 1:colcon.colcon_core.environment:checking '/home/addinedu/ros2_ws/install/my_first_package/lib/python3.10/site-packages'
[1.326s] Level 1:colcon.colcon_core.shell:create_environment_hook('my_first_package', 'pythonpath')
[1.326s] INFO:colcon.colcon_core.shell:Creating environment hook '/home/addinedu/ros2_ws/install/my_first_package/share/my_first_package/hook/pythonpath.ps1'
[1.326s] INFO:colcon.colcon_core.shell:Creating environment descriptor '/home/addinedu/ros2_ws/install/my_first_package/share/my_first_package/hook/pythonpath.dsv'
[1.327s] INFO:colcon.colcon_core.shell:Creating environment hook '/home/addinedu/ros2_ws/install/my_first_package/share/my_first_package/hook/pythonpath.sh'
[1.327s] Level 1:colcon.colcon_core.environment:checking '/home/addinedu/ros2_ws/install/my_first_package/bin'
[1.327s] Level 1:colcon.colcon_core.environment:create_environment_scripts_only(my_first_package)
[1.327s] INFO:colcon.colcon_core.shell:Creating package script '/home/addinedu/ros2_ws/install/my_first_package/share/my_first_package/package.ps1'
[1.328s] INFO:colcon.colcon_core.shell:Creating package descriptor '/home/addinedu/ros2_ws/install/my_first_package/share/my_first_package/package.dsv'
[1.328s] INFO:colcon.colcon_core.shell:Creating package script '/home/addinedu/ros2_ws/install/my_first_package/share/my_first_package/package.sh'
[1.328s] INFO:colcon.colcon_core.shell:Creating package script '/home/addinedu/ros2_ws/install/my_first_package/share/my_first_package/package.bash'
[1.328s] INFO:colcon.colcon_core.shell:Creating package script '/home/addinedu/ros2_ws/install/my_first_package/share/my_first_package/package.zsh'
[1.329s] Level 1:colcon.colcon_core.environment:create_file_with_runtime_dependencies(/home/addinedu/ros2_ws/install/my_first_package/share/colcon-core/packages/my_first_package)
[1.329s] DEBUG:colcon.colcon_parallel_executor.executor.parallel:closing loop
[1.329s] DEBUG:colcon.colcon_parallel_executor.executor.parallel:loop closed
[1.329s] DEBUG:colcon.colcon_parallel_executor.executor.parallel:run_until_complete finished with '0'
[1.329s] DEBUG:colcon.colcon_core.event_reactor:joining thread
[1.334s] INFO:colcon.colcon_core.plugin_system:Skipping extension 'colcon_notification.desktop_notification.terminal_notifier': Not used on non-Darwin systems
[1.334s] INFO:colcon.colcon_core.plugin_system:Skipping extension 'colcon_notification.desktop_notification.win32': Not used on non-Windows systems
[1.334s] INFO:colcon.colcon_notification.desktop_notification:Sending desktop notification using 'notify2'
[1.345s] DEBUG:colcon.colcon_core.event_reactor:joined thread
[1.346s] INFO:colcon.colcon_core.shell:Creating prefix script '/home/addinedu/ros2_ws/install/local_setup.ps1'
[1.346s] INFO:colcon.colcon_core.shell:Creating prefix util module '/home/addinedu/ros2_ws/install/_local_setup_util_ps1.py'
[1.348s] INFO:colcon.colcon_core.shell:Creating prefix chain script '/home/addinedu/ros2_ws/install/setup.ps1'
[1.348s] INFO:colcon.colcon_core.shell:Creating prefix script '/home/addinedu/ros2_ws/install/local_setup.sh'
[1.349s] INFO:colcon.colcon_core.shell:Creating prefix util module '/home/addinedu/ros2_ws/install/_local_setup_util_sh.py'
[1.349s] INFO:colcon.colcon_core.shell:Creating prefix chain script '/home/addinedu/ros2_ws/install/setup.sh'
[1.350s] INFO:colcon.colcon_core.shell:Creating prefix script '/home/addinedu/ros2_ws/install/local_setup.bash'
[1.350s] INFO:colcon.colcon_core.shell:Creating prefix chain script '/home/addinedu/ros2_ws/install/setup.bash'
[1.351s] INFO:colcon.colcon_core.shell:Creating prefix script '/home/addinedu/ros2_ws/install/local_setup.zsh'
[1.352s] INFO:colcon.colcon_core.shell:Creating prefix chain script '/home/addinedu/ros2_ws/install/setup.zsh'
