running egg_info
writing ../../build/lidar_tracking/lidar_tracking.egg-info/PKG-INFO
writing dependency_links to ../../build/lidar_tracking/lidar_tracking.egg-info/dependency_links.txt
writing entry points to ../../build/lidar_tracking/lidar_tracking.egg-info/entry_points.txt
writing requirements to ../../build/lidar_tracking/lidar_tracking.egg-info/requires.txt
writing top-level names to ../../build/lidar_tracking/lidar_tracking.egg-info/top_level.txt
reading manifest file '../../build/lidar_tracking/lidar_tracking.egg-info/SOURCES.txt'
writing manifest file '../../build/lidar_tracking/lidar_tracking.egg-info/SOURCES.txt'
running build
running build_py
running install
running install_lib
running install_data
running install_egg_info
removing '/home/addinedu/ros2_ws/install/lidar_tracking/lib/python3.10/site-packages/lidar_tracking-0.0.0-py3.10.egg-info' (and everything under it)
Copying ../../build/lidar_tracking/lidar_tracking.egg-info to /home/addinedu/ros2_ws/install/lidar_tracking/lib/python3.10/site-packages/lidar_tracking-0.0.0-py3.10.egg-info
running install_scripts
Installing cluster_test script to /home/addinedu/ros2_ws/install/lidar_tracking/lib/lidar_tracking
Installing final_tracking script to /home/addinedu/ros2_ws/install/lidar_tracking/lib/lidar_tracking
Installing following_test script to /home/addinedu/ros2_ws/install/lidar_tracking/lib/lidar_tracking
Installing lidar_clustering script to /home/addinedu/ros2_ws/install/lidar_tracking/lib/lidar_tracking
Installing lidar_distance script to /home/addinedu/ros2_ws/install/lidar_tracking/lib/lidar_tracking
Installing lidar_following script to /home/addinedu/ros2_ws/install/lidar_tracking/lib/lidar_tracking
Installing lidar_tracking script to /home/addinedu/ros2_ws/install/lidar_tracking/lib/lidar_tracking
Installing lidar_visualization script to /home/addinedu/ros2_ws/install/lidar_tracking/lib/lidar_tracking
Installing safe_tracking script to /home/addinedu/ros2_ws/install/lidar_tracking/lib/lidar_tracking
Installing utils script to /home/addinedu/ros2_ws/install/lidar_tracking/lib/lidar_tracking
writing list of installed files to '/home/addinedu/ros2_ws/build/lidar_tracking/install.log'
